  activations.c
  activation_layer.c
  art.c
  avgpool_layer.c
  batchnorm_layer.c
  blas.c
  box.c
  captcha.c
d:\darknet-master\src\activations.h(36): warning C4244: '초기화 중': 'float'에서 'int'(으)로 변환하면서 데이터가 손실될 수 있습니다. (소스 파일 컴파일 중 ..\..\src\activations.c)
d:\darknet-master\src\activations.h(92): warning C4244: 'return': 'int'에서 'float'(으)로 변환하면서 데이터가 손실될 수 있습니다. (소스 파일 컴파일 중 ..\..\src\activations.c)
d:\darknet-master\src\activations.h(36): warning C4244: '초기화 중': 'float'에서 'int'(으)로 변환하면서 데이터가 손실될 수 있습니다. (소스 파일 컴파일 중 ..\..\src\avgpool_layer.c)
d:\darknet-master\src\blas.c(99): warning C4244: '초기화 중': 'double'에서 'float'(으)로 변환하면서 데이터가 손실될 수 있습니다.
d:\darknet-master\src\activations.h(36): warning C4244: '초기화 중': 'float'에서 'int'(으)로 변환하면서 데이터가 손실될 수 있습니다. (소스 파일 컴파일 중 ..\..\src\art.c)
d:\darknet-master\src\blas.c(122): warning C4244: '+=': 'double'에서 'float'(으)로 변환하면서 데이터가 손실될 수 있습니다.
d:\darknet-master\src\blas.c(115): warning C4244: '초기화 중': 'double'에서 'float'(으)로 변환하면서 데이터가 손실될 수 있습니다.
d:\darknet-master\src\activations.h(92): warning C4244: 'return': 'int'에서 'float'(으)로 변환하면서 데이터가 손실될 수 있습니다. (소스 파일 컴파일 중 ..\..\src\avgpool_layer.c)
d:\darknet-master\src\blas.c(136): warning C4244: '=': 'double'에서 'float'(으)로 변환하면서 데이터가 손실될 수 있습니다.
d:\darknet-master\src\activations.h(92): warning C4244: 'return': 'int'에서 'float'(으)로 변환하면서 데이터가 손실될 수 있습니다. (소스 파일 컴파일 중 ..\..\src\art.c)
d:\darknet-master\src\activations.h(36): warning C4244: '초기화 중': 'float'에서 'int'(으)로 변환하면서 데이터가 손실될 수 있습니다. (소스 파일 컴파일 중 ..\..\src\captcha.c)
d:\darknet-master\src\blas.c(157): warning C4244: '=': 'double'에서 'float'(으)로 변환하면서 데이터가 손실될 수 있습니다.
d:\darknet-master\src\activations.c(145): warning C4244: '함수': 'double'에서 'float'(으)로 변환하면서 데이터가 손실될 수 있습니다.
d:\darknet-master\src\blas.c(243): warning C4244: '=': 'int'에서 'float'(으)로 변환하면서 데이터가 손실될 수 있습니다.
d:\darknet-master\src\activations.h(36): warning C4244: '초기화 중': 'float'에서 'int'(으)로 변환하면서 데이터가 손실될 수 있습니다. (소스 파일 컴파일 중 ..\..\src\activation_layer.c)
d:\darknet-master\src\activations.h(92): warning C4244: 'return': 'int'에서 'float'(으)로 변환하면서 데이터가 손실될 수 있습니다. (소스 파일 컴파일 중 ..\..\src\captcha.c)
d:\darknet-master\src\blas.c(236): warning C4244: '초기화 중': 'double'에서 'float'(으)로 변환하면서 데이터가 손실될 수 있습니다.
d:\darknet-master\src\activations.c(215): warning C4244: '초기화 중': 'double'에서 'const float'(으)로 변환하면서 데이터가 손실될 수 있습니다.
d:\darknet-master\src\blas.c(253): warning C4244: '=': 'double'에서 'float'(으)로 변환하면서 데이터가 손실될 수 있습니다.
d:\darknet-master\src\activations.h(36): warning C4244: '초기화 중': 'float'에서 'int'(으)로 변환하면서 데이터가 손실될 수 있습니다. (소스 파일 컴파일 중 ..\..\src\batchnorm_layer.c)
d:\darknet-master\src\activations.c(216): warning C4244: '초기화 중': 'double'에서 'const float'(으)로 변환하면서 데이터가 손실될 수 있습니다.
d:\darknet-master\src\blas.c(254): warning C4244: '=': 'int'에서 'float'(으)로 변환하면서 데이터가 손실될 수 있습니다.
d:\darknet-master\src\activations.h(92): warning C4244: 'return': 'int'에서 'float'(으)로 변환하면서 데이터가 손실될 수 있습니다. (소스 파일 컴파일 중 ..\..\src\activation_layer.c)
d:\darknet-master\src\captcha.c(31): warning C4244: '함수': 'time_t'에서 'unsigned int'(으)로 변환하면서 데이터가 손실될 수 있습니다.
d:\darknet-master\src\activations.c(217): warning C4244: '초기화 중': 'double'에서 'const float'(으)로 변환하면서 데이터가 손실될 수 있습니다.
d:\darknet-master\src\blas.c(264): warning C4244: '=': 'double'에서 'float'(으)로 변환하면서 데이터가 손실될 수 있습니다.
d:\darknet-master\src\captcha.c(87): warning C4244: '=': 'double'에서 'float'(으)로 변환하면서 데이터가 손실될 수 있습니다.
d:\darknet-master\src\activations.h(92): warning C4244: 'return': 'int'에서 'float'(으)로 변환하면서 데이터가 손실될 수 있습니다. (소스 파일 컴파일 중 ..\..\src\batchnorm_layer.c)
d:\darknet-master\src\blas.c(275): warning C4244: '=': 'double'에서 'float'(으)로 변환하면서 데이터가 손실될 수 있습니다.
d:\darknet-master\src\captcha.c(88): warning C4477: 'printf' : 서식 문자열 '%ld'에 'long' 형식의 인수가 필요하지만 variadic 인수 5의 형식이 'uint64_t'입니다.
  d:\darknet-master\src\captcha.c(88): note: 서식 문자열에서 '%lld'을(를) 사용하는 것이 좋습니다.
  d:\darknet-master\src\captcha.c(88): note: 서식 문자열에서 '%Id'을(를) 사용하는 것이 좋습니다.
  d:\darknet-master\src\captcha.c(88): note: 서식 문자열에서 '%I64d'을(를) 사용하는 것이 좋습니다.
d:\darknet-master\src\captcha.c(41): warning C4244: '초기화 중': 'uint64_t'에서 'int'(으)로 변환하면서 데이터가 손실될 수 있습니다.
d:\darknet-master\src\blas.c(307): warning C4244: '초기화 중': 'double'에서 'float'(으)로 변환하면서 데이터가 손실될 수 있습니다.
d:\darknet-master\src\batchnorm_layer.c(92): warning C4244: '*=': 'double'에서 'float'(으)로 변환하면서 데이터가 손실될 수 있습니다.
d:\darknet-master\src\batchnorm_layer.c(107): warning C4244: '*=': 'double'에서 'float'(으)로 변환하면서 데이터가 손실될 수 있습니다.
d:\darknet-master\src\batchnorm_layer.c(117): warning C4244: '=': 'double'에서 'float'(으)로 변환하면서 데이터가 손실될 수 있습니다.
d:\darknet-master\src\box.c(80): warning C4244: '=': 'double'에서 'float'(으)로 변환하면서 데이터가 손실될 수 있습니다.
d:\darknet-master\src\box.c(81): warning C4244: '=': 'double'에서 'float'(으)로 변환하면서 데이터가 손실될 수 있습니다.
d:\darknet-master\src\box.c(82): warning C4244: '=': 'double'에서 'float'(으)로 변환하면서 데이터가 손실될 수 있습니다.
d:\darknet-master\src\box.c(83): warning C4244: '=': 'double'에서 'float'(으)로 변환하면서 데이터가 손실될 수 있습니다.
d:\darknet-master\src\batchnorm_layer.c(139): warning C4305: '함수': 'double'에서 'float'(으)로 잘립니다.
d:\darknet-master\src\batchnorm_layer.c(140): warning C4305: '함수': 'double'에서 'float'(으)로 잘립니다.
d:\darknet-master\src\batchnorm_layer.c(141): warning C4305: '함수': 'double'에서 'float'(으)로 잘립니다.
d:\darknet-master\src\batchnorm_layer.c(142): warning C4305: '함수': 'double'에서 'float'(으)로 잘립니다.
d:\darknet-master\src\box.c(160): warning C4244: '초기화 중': 'double'에서 'float'(으)로 변환하면서 데이터가 손실될 수 있습니다.
d:\darknet-master\src\box.c(161): warning C4244: '초기화 중': 'double'에서 'float'(으)로 변환하면서 데이터가 손실될 수 있습니다.
d:\darknet-master\src\batchnorm_layer.c(154): warning C4028: 정식 매개 변수 1이(가) 선언과 다릅니다.
d:\darknet-master\src\box.c(162): warning C4244: '초기화 중': 'double'에서 'float'(으)로 변환하면서 데이터가 손실될 수 있습니다.
d:\darknet-master\src\box.c(163): warning C4244: '초기화 중': 'double'에서 'float'(으)로 변환하면서 데이터가 손실될 수 있습니다.
d:\darknet-master\src\box.c(176): warning C4244: '초기화 중': 'double'에서 'float'(으)로 변환하면서 데이터가 손실될 수 있습니다.
d:\darknet-master\src\box.c(177): warning C4244: '초기화 중': 'double'에서 'float'(으)로 변환하면서 데이터가 손실될 수 있습니다.
d:\darknet-master\src\box.c(181): warning C4244: '초기화 중': 'double'에서 'float'(으)로 변환하면서 데이터가 손실될 수 있습니다.
d:\darknet-master\src\box.c(182): warning C4244: '초기화 중': 'double'에서 'float'(으)로 변환하면서 데이터가 손실될 수 있습니다.
d:\darknet-master\src\box.c(246): warning C4244: 'return': 'double'에서 'float'(으)로 변환하면서 데이터가 손실될 수 있습니다.
d:\darknet-master\src\box.c(294): warning C4244: '=': 'double'에서 'float'(으)로 변환하면서 데이터가 손실될 수 있습니다.
d:\darknet-master\src\box.c(295): warning C4244: '=': 'double'에서 'float'(으)로 변환하면서 데이터가 손실될 수 있습니다.
d:\darknet-master\src\box.c(296): warning C4244: '=': 'double'에서 'float'(으)로 변환하면서 데이터가 손실될 수 있습니다.
d:\darknet-master\src\box.c(297): warning C4244: '=': 'double'에서 'float'(으)로 변환하면서 데이터가 손실될 수 있습니다.
d:\darknet-master\src\box.c(281): warning C4305: '초기화 중': 'double'에서 'float'(으)로 잘립니다.
d:\darknet-master\src\box.c(282): warning C4305: '초기화 중': 'double'에서 'float'(으)로 잘립니다.
d:\darknet-master\src\box.c(283): warning C4305: '초기화 중': 'double'에서 'float'(으)로 잘립니다.
d:\darknet-master\src\box.c(284): warning C4305: '초기화 중': 'double'에서 'float'(으)로 잘립니다.
d:\darknet-master\src\box.c(286): warning C4305: '초기화 중': 'double'에서 'float'(으)로 잘립니다.
d:\darknet-master\src\box.c(316): warning C4244: '=': 'double'에서 'float'(으)로 변환하면서 데이터가 손실될 수 있습니다.
d:\darknet-master\src\box.c(317): warning C4244: '=': 'double'에서 'float'(으)로 변환하면서 데이터가 손실될 수 있습니다.
d:\darknet-master\src\box.c(318): warning C4244: '=': 'double'에서 'float'(으)로 변환하면서 데이터가 손실될 수 있습니다.
d:\darknet-master\src\box.c(319): warning C4244: '=': 'double'에서 'float'(으)로 변환하면서 데이터가 손실될 수 있습니다.
d:\darknet-master\src\box.c(303): warning C4305: '초기화 중': 'double'에서 'float'(으)로 잘립니다.
d:\darknet-master\src\box.c(304): warning C4305: '초기화 중': 'double'에서 'float'(으)로 잘립니다.
d:\darknet-master\src\box.c(305): warning C4305: '초기화 중': 'double'에서 'float'(으)로 잘립니다.
d:\darknet-master\src\box.c(306): warning C4305: '초기화 중': 'double'에서 'float'(으)로 잘립니다.
d:\darknet-master\src\box.c(308): warning C4305: '초기화 중': 'double'에서 'float'(으)로 잘립니다.
d:\darknet-master\src\box.c(345): warning C4244: '=': 'double'에서 'float'(으)로 변환하면서 데이터가 손실될 수 있습니다.
d:\darknet-master\src\box.c(346): warning C4244: '=': 'double'에서 'float'(으)로 변환하면서 데이터가 손실될 수 있습니다.
d:\darknet-master\src\box.c(347): warning C4244: '=': 'double'에서 'float'(으)로 변환하면서 데이터가 손실될 수 있습니다.
d:\darknet-master\src\box.c(348): warning C4244: '=': 'double'에서 'float'(으)로 변환하면서 데이터가 손실될 수 있습니다.
d:\darknet-master\src\box.c(328): warning C4305: '초기화 중': 'double'에서 'float'(으)로 잘립니다.
d:\darknet-master\src\box.c(329): warning C4305: '초기화 중': 'double'에서 'float'(으)로 잘립니다.
d:\darknet-master\src\box.c(330): warning C4305: '초기화 중': 'double'에서 'float'(으)로 잘립니다.
d:\darknet-master\src\box.c(331): warning C4305: '초기화 중': 'double'에서 'float'(으)로 잘립니다.
d:\darknet-master\src\box.c(333): warning C4305: '초기화 중': 'double'에서 'float'(으)로 잘립니다.
d:\darknet-master\src\box.c(368): warning C4244: '=': 'double'에서 'float'(으)로 변환하면서 데이터가 손실될 수 있습니다.
d:\darknet-master\src\box.c(369): warning C4244: '=': 'double'에서 'float'(으)로 변환하면서 데이터가 손실될 수 있습니다.
d:\darknet-master\src\box.c(370): warning C4244: '=': 'double'에서 'float'(으)로 변환하면서 데이터가 손실될 수 있습니다.
d:\darknet-master\src\box.c(371): warning C4244: '=': 'double'에서 'float'(으)로 변환하면서 데이터가 손실될 수 있습니다.
d:\darknet-master\src\box.c(532): warning C4244: '=': 'double'에서 'float'(으)로 변환하면서 데이터가 손실될 수 있습니다.
d:\darknet-master\src\box.c(533): warning C4244: '=': 'double'에서 'float'(으)로 변환하면서 데이터가 손실될 수 있습니다.
d:\darknet-master\src\box.c(542): warning C4244: '=': 'double'에서 'float'(으)로 변환하면서 데이터가 손실될 수 있습니다.
d:\darknet-master\src\box.c(543): warning C4244: '=': 'double'에서 'float'(으)로 변환하면서 데이터가 손실될 수 있습니다.
  cifar.c
  classifier.c
  coco.c
  col2im.c
  compare.c
  connected_layer.c
  convolutional_layer.c
  conv_lstm_layer.c
d:\darknet-master\src\activations.h(36): warning C4244: '초기화 중': 'float'에서 'int'(으)로 변환하면서 데이터가 손실될 수 있습니다. (소스 파일 컴파일 중 ..\..\src\compare.c)
d:\darknet-master\src\activations.h(92): warning C4244: 'return': 'int'에서 'float'(으)로 변환하면서 데이터가 손실될 수 있습니다. (소스 파일 컴파일 중 ..\..\src\compare.c)
d:\darknet-master\src\activations.h(36): warning C4244: '초기화 중': 'float'에서 'int'(으)로 변환하면서 데이터가 손실될 수 있습니다. (소스 파일 컴파일 중 ..\..\src\connected_layer.c)
d:\darknet-master\src\activations.h(92): warning C4244: 'return': 'int'에서 'float'(으)로 변환하면서 데이터가 손실될 수 있습니다. (소스 파일 컴파일 중 ..\..\src\connected_layer.c)
d:\darknet-master\src\activations.h(36): warning C4244: '초기화 중': 'float'에서 'int'(으)로 변환하면서 데이터가 손실될 수 있습니다. (소스 파일 컴파일 중 ..\..\src\coco.c)
d:\darknet-master\src\activations.h(92): warning C4244: 'return': 'int'에서 'float'(으)로 변환하면서 데이터가 손실될 수 있습니다. (소스 파일 컴파일 중 ..\..\src\coco.c)
d:\darknet-master\src\activations.h(36): warning C4244: '초기화 중': 'float'에서 'int'(으)로 변환하면서 데이터가 손실될 수 있습니다. (소스 파일 컴파일 중 ..\..\src\cifar.c)
d:\darknet-master\src\activations.h(92): warning C4244: 'return': 'int'에서 'float'(으)로 변환하면서 데이터가 손실될 수 있습니다. (소스 파일 컴파일 중 ..\..\src\cifar.c)
d:\darknet-master\src\connected_layer.c(91): warning C4244: '초기화 중': 'double'에서 'float'(으)로 변환하면서 데이터가 손실될 수 있습니다.
d:\darknet-master\src\activations.h(36): warning C4244: '초기화 중': 'float'에서 'int'(으)로 변환하면서 데이터가 손실될 수 있습니다. (소스 파일 컴파일 중 ..\..\src\convolutional_layer.c)
d:\darknet-master\src\activations.h(92): warning C4244: 'return': 'int'에서 'float'(으)로 변환하면서 데이터가 손실될 수 있습니다. (소스 파일 컴파일 중 ..\..\src\convolutional_layer.c)
d:\darknet-master\src\compare.c(12): warning C4244: '함수': 'time_t'에서 'unsigned int'(으)로 변환하면서 데이터가 손실될 수 있습니다.
d:\darknet-master\src\compare.c(56): warning C4244: '=': 'double'에서 'float'(으)로 변환하면서 데이터가 손실될 수 있습니다.
d:\darknet-master\src\compare.c(57): warning C4477: 'printf' : 서식 문자열 '%ld'에 'long' 형식의 인수가 필요하지만 variadic 인수 5의 형식이 'uint64_t'입니다.
  d:\darknet-master\src\compare.c(57): note: 서식 문자열에서 '%lld'을(를) 사용하는 것이 좋습니다.
  d:\darknet-master\src\compare.c(57): note: 서식 문자열에서 '%Id'을(를) 사용하는 것이 좋습니다.
  d:\darknet-master\src\compare.c(57): note: 서식 문자열에서 '%I64d'을(를) 사용하는 것이 좋습니다.
d:\darknet-master\src\compare.c(65): warning C4244: '=': 'uint64_t'에서 'int'(으)로 변환하면서 데이터가 손실될 수 있습니다.
d:\darknet-master\src\compare.c(70): warning C4305: '*=': 'double'에서 'float'(으)로 잘립니다.
d:\darknet-master\src\compare.c(43): warning C4244: '초기화 중': 'uint64_t'에서 'int'(으)로 변환하면서 데이터가 손실될 수 있습니다.
d:\darknet-master\src\compare.c(88): warning C4244: '함수': 'time_t'에서 'unsigned int'(으)로 변환하면서 데이터가 손실될 수 있습니다.
d:\darknet-master\src\coco.c(22): warning C4244: '함수': 'time_t'에서 'unsigned int'(으)로 변환하면서 데이터가 손실될 수 있습니다.
d:\darknet-master\src\cifar.c(9): warning C4244: '함수': 'time_t'에서 'unsigned int'(으)로 변환하면서 데이터가 손실될 수 있습니다.
d:\darknet-master\src\coco.c(86): warning C4244: '=': 'double'에서 'float'(으)로 변환하면서 데이터가 손실될 수 있습니다.
d:\darknet-master\src\cifar.c(31): warning C4244: '=': 'double'에서 'float'(으)로 변환하면서 데이터가 손실될 수 있습니다.
d:\darknet-master\src\cifar.c(32): warning C4477: 'printf' : 서식 문자열 '%ld'에 'long' 형식의 인수가 필요하지만 variadic 인수 7의 형식이 'uint64_t'입니다.
  d:\darknet-master\src\cifar.c(32): note: 서식 문자열에서 '%lld'을(를) 사용하는 것이 좋습니다.
  d:\darknet-master\src\cifar.c(32): note: 서식 문자열에서 '%Id'을(를) 사용하는 것이 좋습니다.
  d:\darknet-master\src\cifar.c(32): note: 서식 문자열에서 '%I64d'을(를) 사용하는 것이 좋습니다.
d:\darknet-master\src\coco.c(32): warning C4244: '초기화 중': 'uint64_t'에서 'int'(으)로 변환하면서 데이터가 손실될 수 있습니다.
d:\darknet-master\src\cifar.c(34): warning C4244: '=': 'uint64_t'에서 'int'(으)로 변환하면서 데이터가 손실될 수 있습니다.
d:\darknet-master\src\convolutional_layer.c(46): warning C4244: '+=': 'double'에서 'float'(으)로 변환하면서 데이터가 손실될 수 있습니다.
d:\darknet-master\src\coco.c(117): warning C4244: '=': 'int'에서 'float'(으)로 변환하면서 데이터가 손실될 수 있습니다.
d:\darknet-master\src\convolutional_layer.c(59): warning C4244: '=': 'int'에서 'float'(으)로 변환하면서 데이터가 손실될 수 있습니다.
d:\darknet-master\src\cifar.c(24): warning C4244: '초기화 중': 'uint64_t'에서 'int'(으)로 변환하면서 데이터가 손실될 수 있습니다.
d:\darknet-master\src\coco.c(118): warning C4244: '=': 'int'에서 'float'(으)로 변환하면서 데이터가 손실될 수 있습니다.
d:\darknet-master\src\convolutional_layer.c(69): warning C4244: '+=': 'double'에서 'float'(으)로 변환하면서 데이터가 손실될 수 있습니다.
d:\darknet-master\src\compare.c(196): warning C4244: '초기화 중': 'double'에서 'float'(으)로 변환하면서 데이터가 손실될 수 있습니다.
d:\darknet-master\src\cifar.c(57): warning C4244: '함수': 'time_t'에서 'unsigned int'(으)로 변환하면서 데이터가 손실될 수 있습니다.
d:\darknet-master\src\connected_layer.c(249): warning C4244: '초기화 중': 'double'에서 'float'(으)로 변환하면서 데이터가 손실될 수 있습니다.
d:\darknet-master\src\coco.c(110): warning C4244: '초기화 중': 'double'에서 'float'(으)로 변환하면서 데이터가 손실될 수 있습니다.
d:\darknet-master\src\compare.c(197): warning C4244: '초기화 중': 'double'에서 'float'(으)로 변환하면서 데이터가 손실될 수 있습니다.
d:\darknet-master\src\cifar.c(79): warning C4244: '함수': 'double'에서 'float'(으)로 변환하면서 데이터가 손실될 수 있습니다.
d:\darknet-master\src\coco.c(111): warning C4244: '초기화 중': 'double'에서 'float'(으)로 변환하면서 데이터가 손실될 수 있습니다.
d:\darknet-master\src\compare.c(198): warning C4244: '초기화 중': 'int'에서 'float'(으)로 변환하면서 데이터가 손실될 수 있습니다.
d:\darknet-master\src\cifar.c(87): warning C4244: '=': 'double'에서 'float'(으)로 변환하면서 데이터가 손실될 수 있습니다.
d:\darknet-master\src\convolutional_layer.c(616): warning C4244: '=': 'double'에서 'float'(으)로 변환하면서 데이터가 손실될 수 있습니다.
d:\darknet-master\src\activations.h(36): warning C4244: '초기화 중': 'float'에서 'int'(으)로 변환하면서 데이터가 손실될 수 있습니다. (소스 파일 컴파일 중 ..\..\src\conv_lstm_layer.c)
d:\darknet-master\src\coco.c(112): warning C4244: '초기화 중': 'double'에서 'float'(으)로 변환하면서 데이터가 손실될 수 있습니다.
d:\darknet-master\src\compare.c(199): warning C4244: '초기화 중': 'int'에서 'float'(으)로 변환하면서 데이터가 손실될 수 있습니다.
d:\darknet-master\src\cifar.c(88): warning C4477: 'printf' : 서식 문자열 '%ld'에 'long' 형식의 인수가 필요하지만 variadic 인수 7의 형식이 'uint64_t'입니다.
  d:\darknet-master\src\cifar.c(88): note: 서식 문자열에서 '%lld'을(를) 사용하는 것이 좋습니다.
  d:\darknet-master\src\cifar.c(88): note: 서식 문자열에서 '%Id'을(를) 사용하는 것이 좋습니다.
  d:\darknet-master\src\cifar.c(88): note: 서식 문자열에서 '%I64d'을(를) 사용하는 것이 좋습니다.
d:\darknet-master\src\coco.c(113): warning C4244: '초기화 중': 'double'에서 'float'(으)로 변환하면서 데이터가 손실될 수 있습니다.
d:\darknet-master\src\compare.c(234): warning C4244: '함수': 'time_t'에서 'unsigned int'(으)로 변환하면서 데이터가 손실될 수 있습니다.
d:\darknet-master\src\cifar.c(90): warning C4244: '=': 'uint64_t'에서 'int'(으)로 변환하면서 데이터가 손실될 수 있습니다.
d:\darknet-master\src\activations.h(92): warning C4244: 'return': 'int'에서 'float'(으)로 변환하면서 데이터가 손실될 수 있습니다. (소스 파일 컴파일 중 ..\..\src\conv_lstm_layer.c)
d:\darknet-master\src\convolutional_layer.c(430): warning C4244: '초기화 중': 'double'에서 'float'(으)로 변환하면서 데이터가 손실될 수 있습니다.
d:\darknet-master\src\coco.c(145): warning C4244: '함수': 'time_t'에서 'unsigned int'(으)로 변환하면서 데이터가 손실될 수 있습니다.
d:\darknet-master\src\cifar.c(72): warning C4244: '초기화 중': 'uint64_t'에서 'int'(으)로 변환하면서 데이터가 손실될 수 있습니다.
d:\darknet-master\src\compare.c(266): warning C4244: '함수': 'time_t'에서 'unsigned int'(으)로 변환하면서 데이터가 손실될 수 있습니다.
d:\darknet-master\src\cifar.c(77): warning C4305: '초기화 중': 'double'에서 'float'(으)로 잘립니다.
d:\darknet-master\src\cifar.c(118): warning C4244: '함수': 'time_t'에서 'unsigned int'(으)로 변환하면서 데이터가 손실될 수 있습니다.
d:\darknet-master\src\coco.c(171): warning C4305: '초기화 중': 'double'에서 'float'(으)로 잘립니다.
d:\darknet-master\src\coco.c(246): warning C4244: '함수': 'time_t'에서 'unsigned int'(으)로 변환하면서 데이터가 손실될 수 있습니다.
d:\darknet-master\src\cifar.c(149): warning C4244: '함수': 'time_t'에서 'unsigned int'(으)로 변환하면서 데이터가 손실될 수 있습니다.
d:\darknet-master\src\convolutional_layer.c(688): warning C4244: '초기화 중': 'double'에서 'float'(으)로 변환하면서 데이터가 손실될 수 있습니다.
d:\darknet-master\src\coco.c(270): warning C4305: '초기화 중': 'double'에서 'float'(으)로 잘립니다.
d:\darknet-master\src\cifar.c(193): warning C4244: '함수': 'time_t'에서 'unsigned int'(으)로 변환하면서 데이터가 손실될 수 있습니다.
d:\darknet-master\src\convolutional_layer.c(851): warning C4244: '=': 'double'에서 'float'(으)로 변환하면서 데이터가 손실될 수 있습니다.
d:\darknet-master\src\convolutional_layer.c(873): warning C4244: '=': 'double'에서 'float'(으)로 변환하면서 데이터가 손실될 수 있습니다.
d:\darknet-master\src\coco.c(334): warning C4305: '초기화 중': 'double'에서 'float'(으)로 잘립니다.
d:\darknet-master\src\cifar.c(220): warning C4244: '함수': 'time_t'에서 'unsigned int'(으)로 변환하면서 데이터가 손실될 수 있습니다.
d:\darknet-master\src\convolutional_layer.c(884): warning C4267: '=': 'size_t'에서 'int'(으)로 변환하면서 데이터가 손실될 수 있습니다.
d:\darknet-master\src\coco.c(380): warning C4305: '함수': 'double'에서 'float'(으)로 잘립니다.
d:\darknet-master\src\convolutional_layer.c(889): warning C4267: '=': 'size_t'에서 'int'(으)로 변환하면서 데이터가 손실될 수 있습니다.
d:\darknet-master\src\convolutional_layer.c(1003): warning C4267: '함수': 'size_t'에서 'const int'(으)로 변환하면서 데이터가 손실될 수 있습니다.
d:\darknet-master\src\conv_lstm_layer.c(206): warning C4244: '+=': 'double'에서 'float'(으)로 변환하면서 데이터가 손실될 수 있습니다.
d:\darknet-master\src\convolutional_layer.c(1010): warning C4028: 정식 매개 변수 1이(가) 선언과 다릅니다.
d:\darknet-master\src\conv_lstm_layer.c(207): warning C4244: '+=': 'double'에서 'float'(으)로 변환하면서 데이터가 손실될 수 있습니다.
d:\darknet-master\src\convolutional_layer.c(1082): warning C4267: '함수': 'size_t'에서 'int'(으)로 변환하면서 데이터가 손실될 수 있습니다.
d:\darknet-master\src\convolutional_layer.c(1097): warning C4267: '함수': 'size_t'에서 'int'(으)로 변환하면서 데이터가 손실될 수 있습니다.
d:\darknet-master\src\convolutional_layer.c(1100): warning C4267: '함수': 'size_t'에서 'int'(으)로 변환하면서 데이터가 손실될 수 있습니다.
d:\darknet-master\src\convolutional_layer.c(1143): warning C4267: '함수': 'size_t'에서 'int'(으)로 변환하면서 데이터가 손실될 수 있습니다.
d:\darknet-master\src\convolutional_layer.c(1234): warning C4244: '=': 'double'에서 'float'(으)로 변환하면서 데이터가 손실될 수 있습니다.
d:\darknet-master\src\conv_lstm_layer.c(524): warning C4244: '함수': 'int'에서 'float'(으)로 변환하면서 데이터가 손실될 수 있습니다.
d:\darknet-master\src\convolutional_layer.c(1222): warning C4244: '초기화 중': 'uint64_t'에서 'const int'(으)로 변환하면서 데이터가 손실될 수 있습니다.
d:\darknet-master\src\convolutional_layer.c(1230): warning C4244: '초기화 중': 'double'에서 'float'(으)로 변환하면서 데이터가 손실될 수 있습니다.
d:\darknet-master\src\convolutional_layer.c(1257): warning C4244: '초기화 중': 'double'에서 'int'(으)로 변환하면서 데이터가 손실될 수 있습니다.
d:\darknet-master\src\convolutional_layer.c(1258): warning C4244: '초기화 중': 'double'에서 'int'(으)로 변환하면서 데이터가 손실될 수 있습니다.
d:\darknet-master\src\convolutional_layer.c(1259): warning C4244: '초기화 중': 'double'에서 'int'(으)로 변환하면서 데이터가 손실될 수 있습니다.
d:\darknet-master\src\convolutional_layer.c(1260): warning C4244: '초기화 중': 'double'에서 'int'(으)로 변환하면서 데이터가 손실될 수 있습니다.
  cost_layer.c
  cpu_gemm.c
  crnn_layer.c
d:\darknet-master\src\activations.h(36): warning C4244: '초기화 중': 'float'에서 'int'(으)로 변환하면서 데이터가 손실될 수 있습니다. (소스 파일 컴파일 중 ..\..\src\classifier.c)
d:\darknet-master\src\activations.h(92): warning C4244: 'return': 'int'에서 'float'(으)로 변환하면서 데이터가 손실될 수 있습니다. (소스 파일 컴파일 중 ..\..\src\classifier.c)
  crop_layer.c
  darknet.c
  dark_cuda.c
  data.c
d:\darknet-master\src\activations.h(36): warning C4244: '초기화 중': 'float'에서 'int'(으)로 변환하면서 데이터가 손실될 수 있습니다. (소스 파일 컴파일 중 ..\..\src\cost_layer.c)
d:\darknet-master\src\activations.h(92): warning C4244: 'return': 'int'에서 'float'(으)로 변환하면서 데이터가 손실될 수 있습니다. (소스 파일 컴파일 중 ..\..\src\cost_layer.c)
  deconvolutional_layer.c
d:\darknet-master\src\cost_layer.c(75): warning C4028: 정식 매개 변수 1이(가) 선언과 다릅니다.
d:\darknet-master\src\activations.h(36): warning C4244: '초기화 중': 'float'에서 'int'(으)로 변환하면서 데이터가 손실될 수 있습니다. (소스 파일 컴파일 중 ..\..\src\crnn_layer.c)
d:\darknet-master\src\activations.h(92): warning C4244: 'return': 'int'에서 'float'(으)로 변환하면서 데이터가 손실될 수 있습니다. (소스 파일 컴파일 중 ..\..\src\crnn_layer.c)
d:\darknet-master\src\activations.h(36): warning C4244: '초기화 중': 'float'에서 'int'(으)로 변환하면서 데이터가 손실될 수 있습니다. (소스 파일 컴파일 중 ..\..\src\darknet.c)
d:\darknet-master\src\activations.h(92): warning C4244: 'return': 'int'에서 'float'(으)로 변환하면서 데이터가 손실될 수 있습니다. (소스 파일 컴파일 중 ..\..\src\darknet.c)
d:\darknet-master\src\activations.h(36): warning C4244: '초기화 중': 'float'에서 'int'(으)로 변환하면서 데이터가 손실될 수 있습니다. (소스 파일 컴파일 중 ..\..\src\crop_layer.c)
d:\darknet-master\src\activations.h(92): warning C4244: 'return': 'int'에서 'float'(으)로 변환하면서 데이터가 손실될 수 있습니다. (소스 파일 컴파일 중 ..\..\src\crop_layer.c)
d:\darknet-master\src\crop_layer.c(53): warning C4244: '=': 'float'에서 'int'(으)로 변환하면서 데이터가 손실될 수 있습니다.
d:\darknet-master\src\crop_layer.c(54): warning C4244: '=': 'float'에서 'int'(으)로 변환하면서 데이터가 손실될 수 있습니다.
  demo.c
d:\darknet-master\src\darknet.c(75): warning C4244: '함수': 'double'에서 'float'(으)로 변환하면서 데이터가 손실될 수 있습니다.
d:\darknet-master\src\darknet.c(76): warning C4244: '함수': 'double'에서 'float'(으)로 변환하면서 데이터가 손실될 수 있습니다.
d:\darknet-master\src\darknet.c(78): warning C4244: '함수': 'double'에서 'float'(으)로 변환하면서 데이터가 손실될 수 있습니다.
d:\darknet-master\src\darknet.c(79): warning C4244: '함수': 'double'에서 'float'(으)로 변환하면서 데이터가 손실될 수 있습니다.
d:\darknet-master\src\darknet.c(80): warning C4244: '함수': 'double'에서 'float'(으)로 변환하면서 데이터가 손실될 수 있습니다.
d:\darknet-master\src\darknet.c(84): warning C4244: '함수': 'double'에서 'float'(으)로 변환하면서 데이터가 손실될 수 있습니다.
d:\darknet-master\src\darknet.c(85): warning C4244: '함수': 'double'에서 'float'(으)로 변환하면서 데이터가 손실될 수 있습니다.
d:\darknet-master\src\darknet.c(476): warning C4305: '함수': 'double'에서 'float'(으)로 잘립니다.
d:\darknet-master\src\darknet.c(505): warning C4244: '함수': 'double'에서 'int'(으)로 변환하면서 데이터가 손실될 수 있습니다.
  detection_layer.c
  detector.c
d:\darknet-master\src\data.c(256): warning C4244: '=': 'double'에서 'float'(으)로 변환하면서 데이터가 손실될 수 있습니다.
d:\darknet-master\src\data.c(257): warning C4244: '=': 'double'에서 'float'(으)로 변환하면서 데이터가 손실될 수 있습니다.
d:\darknet-master\src\activations.h(36): warning C4244: '초기화 중': 'float'에서 'int'(으)로 변환하면서 데이터가 손실될 수 있습니다. (소스 파일 컴파일 중 ..\..\src\deconvolutional_layer.c)
d:\darknet-master\src\data.c(433): warning C4244: '=': 'int'에서 'float'(으)로 변환하면서 데이터가 손실될 수 있습니다.
d:\darknet-master\src\activations.h(92): warning C4244: 'return': 'int'에서 'float'(으)로 변환하면서 데이터가 손실될 수 있습니다. (소스 파일 컴파일 중 ..\..\src\deconvolutional_layer.c)
d:\darknet-master\src\data.c(435): warning C4244: '=': 'float'에서 'int'(으)로 변환하면서 데이터가 손실될 수 있습니다.
d:\darknet-master\src\data.c(436): warning C4244: '=': 'float'에서 'int'(으)로 변환하면서 데이터가 손실될 수 있습니다.
  dice.c
d:\darknet-master\src\data.c(437): warning C4244: '=': 'float'에서 'int'(으)로 변환하면서 데이터가 손실될 수 있습니다.
d:\darknet-master\src\data.c(640): warning C4244: '함수': 'int'에서 'float'(으)로 변환하면서 데이터가 손실될 수 있습니다.
d:\darknet-master\src\data.c(641): warning C4244: '함수': 'int'에서 'float'(으)로 변환하면서 데이터가 손실될 수 있습니다.
d:\darknet-master\src\data.c(642): warning C4244: '함수': 'int'에서 'float'(으)로 변환하면서 데이터가 손실될 수 있습니다.
d:\darknet-master\src\data.c(643): warning C4244: '함수': 'int'에서 'float'(으)로 변환하면서 데이터가 손실될 수 있습니다.
d:\darknet-master\src\data.c(662): warning C4244: '함수': 'double'에서 'float'(으)로 변환하면서 데이터가 손실될 수 있습니다.
d:\darknet-master\src\data.c(637): warning C4244: '초기화 중': 'float'에서 'int'(으)로 변환하면서 데이터가 손실될 수 있습니다.
d:\darknet-master\src\data.c(638): warning C4244: '초기화 중': 'float'에서 'int'(으)로 변환하면서 데이터가 손실될 수 있습니다.
d:\darknet-master\src\data.c(640): warning C4244: '초기화 중': 'float'에서 'int'(으)로 변환하면서 데이터가 손실될 수 있습니다.
d:\darknet-master\src\data.c(641): warning C4244: '초기화 중': 'float'에서 'int'(으)로 변환하면서 데이터가 손실될 수 있습니다.
  dropout_layer.c
d:\darknet-master\src\data.c(642): warning C4244: '초기화 중': 'float'에서 'int'(으)로 변환하면서 데이터가 손실될 수 있습니다.
d:\darknet-master\src\data.c(643): warning C4244: '초기화 중': 'float'에서 'int'(으)로 변환하면서 데이터가 손실될 수 있습니다.
d:\darknet-master\src\deconvolutional_layer.c(65): warning C4244: '초기화 중': 'double'에서 'float'(으)로 변환하면서 데이터가 손실될 수 있습니다.
d:\darknet-master\src\deconvolutional_layer.c(158): warning C4244: '초기화 중': 'double'에서 'float'(으)로 변환하면서 데이터가 손실될 수 있습니다.
d:\darknet-master\src\data.c(759): warning C4244: '함수': 'int'에서 'float'(으)로 변환하면서 데이터가 손실될 수 있습니다.
d:\darknet-master\src\data.c(760): warning C4244: '함수': 'int'에서 'float'(으)로 변환하면서 데이터가 손실될 수 있습니다.
d:\darknet-master\src\data.c(761): warning C4244: '함수': 'int'에서 'float'(으)로 변환하면서 데이터가 손실될 수 있습니다.
d:\darknet-master\src\data.c(762): warning C4244: '함수': 'int'에서 'float'(으)로 변환하면서 데이터가 손실될 수 있습니다.
d:\darknet-master\src\data.c(780): warning C4244: '함수': 'double'에서 'float'(으)로 변환하면서 데이터가 손실될 수 있습니다.
d:\darknet-master\src\data.c(756): warning C4244: '초기화 중': 'float'에서 'int'(으)로 변환하면서 데이터가 손실될 수 있습니다.
d:\darknet-master\src\data.c(757): warning C4244: '초기화 중': 'float'에서 'int'(으)로 변환하면서 데이터가 손실될 수 있습니다.
d:\darknet-master\src\data.c(759): warning C4244: '초기화 중': 'float'에서 'int'(으)로 변환하면서 데이터가 손실될 수 있습니다.
d:\darknet-master\src\data.c(760): warning C4244: '초기화 중': 'float'에서 'int'(으)로 변환하면서 데이터가 손실될 수 있습니다.
d:\darknet-master\src\data.c(761): warning C4244: '초기화 중': 'float'에서 'int'(으)로 변환하면서 데이터가 손실될 수 있습니다.
d:\darknet-master\src\data.c(762): warning C4244: '초기화 중': 'float'에서 'int'(으)로 변환하면서 데이터가 손실될 수 있습니다.
d:\darknet-master\src\data.c(1059): warning C4244: '=': 'unsigned int'에서 'float'(으)로 변환하면서 데이터가 손실될 수 있습니다.
d:\darknet-master\src\data.c(1062): warning C4244: '함수': 'int'에서 'float'(으)로 변환하면서 데이터가 손실될 수 있습니다.
d:\darknet-master\src\data.c(1063): warning C4244: '함수': 'int'에서 'float'(으)로 변환하면서 데이터가 손실될 수 있습니다.
d:\darknet-master\src\data.c(1064): warning C4244: '함수': 'int'에서 'float'(으)로 변환하면서 데이터가 손실될 수 있습니다.
d:\darknet-master\src\data.c(1065): warning C4244: '함수': 'int'에서 'float'(으)로 변환하면서 데이터가 손실될 수 있습니다.
d:\darknet-master\src\data.c(1079): warning C4244: '=': 'float'에서 'int'(으)로 변환하면서 데이터가 손실될 수 있습니다.
d:\darknet-master\src\data.c(1080): warning C4244: '=': 'float'에서 'int'(으)로 변환하면서 데이터가 손실될 수 있습니다.
d:\darknet-master\src\data.c(1087): warning C4244: '=': 'float'에서 'int'(으)로 변환하면서 데이터가 손실될 수 있습니다.
d:\darknet-master\src\data.c(1088): warning C4244: '=': 'float'에서 'int'(으)로 변환하면서 데이터가 손실될 수 있습니다.
d:\darknet-master\src\data.c(1109): warning C4244: '함수': 'float'에서 'int'(으)로 변환하면서 데이터가 손실될 수 있습니다.
d:\darknet-master\src\data.c(1109): warning C4244: '함수': 'double'에서 'float'(으)로 변환하면서 데이터가 손실될 수 있습니다.
d:\darknet-master\src\data.c(1042): warning C4244: '초기화 중': 'float'에서 'int'(으)로 변환하면서 데이터가 손실될 수 있습니다.
d:\darknet-master\src\data.c(1043): warning C4244: '초기화 중': 'float'에서 'int'(으)로 변환하면서 데이터가 손실될 수 있습니다.
d:\darknet-master\src\data.c(1062): warning C4244: '초기화 중': 'float'에서 'int'(으)로 변환하면서 데이터가 손실될 수 있습니다.
d:\darknet-master\src\data.c(1063): warning C4244: '초기화 중': 'float'에서 'int'(으)로 변환하면서 데이터가 손실될 수 있습니다.
d:\darknet-master\src\data.c(1064): warning C4244: '초기화 중': 'float'에서 'int'(으)로 변환하면서 데이터가 손실될 수 있습니다.
d:\darknet-master\src\data.c(1065): warning C4244: '초기화 중': 'float'에서 'int'(으)로 변환하면서 데이터가 손실될 수 있습니다.
d:\darknet-master\src\data.c(1134): warning C4244: '초기화 중': 'double'에서 'int'(으)로 변환하면서 데이터가 손실될 수 있습니다.
d:\darknet-master\src\data.c(1135): warning C4244: '초기화 중': 'double'에서 'int'(으)로 변환하면서 데이터가 손실될 수 있습니다.
d:\darknet-master\src\data.c(1136): warning C4244: '초기화 중': 'double'에서 'int'(으)로 변환하면서 데이터가 손실될 수 있습니다.
d:\darknet-master\src\data.c(1137): warning C4244: '초기화 중': 'double'에서 'int'(으)로 변환하면서 데이터가 손실될 수 있습니다.
d:\darknet-master\src\data.c(1414): warning C4244: '=': 'double'에서 'float'(으)로 변환하면서 데이터가 손실될 수 있습니다.
d:\darknet-master\src\data.c(1418): warning C4305: '함수': 'double'에서 'float'(으)로 잘립니다.
d:\darknet-master\src\data.c(1447): warning C4244: '초기화 중': 'double'에서 'float'(으)로 변환하면서 데이터가 손실될 수 있습니다.
d:\darknet-master\src\data.c(1448): warning C4305: '초기화 중': 'double'에서 'float'(으)로 잘립니다.
d:\darknet-master\src\data.c(1478): warning C4244: '=': 'double'에서 'float'(으)로 변환하면서 데이터가 손실될 수 있습니다.
d:\darknet-master\src\data.c(1485): warning C4305: '함수': 'double'에서 'float'(으)로 잘립니다.
  gaussian_yolo_layer.c
d:\darknet-master\src\activations.h(36): warning C4244: '초기화 중': 'float'에서 'int'(으)로 변환하면서 데이터가 손실될 수 있습니다. (소스 파일 컴파일 중 ..\..\src\demo.c)
d:\darknet-master\src\activations.h(92): warning C4244: 'return': 'int'에서 'float'(으)로 변환하면서 데이터가 손실될 수 있습니다. (소스 파일 컴파일 중 ..\..\src\demo.c)
d:\darknet-master\src\activations.h(36): warning C4244: '초기화 중': 'float'에서 'int'(으)로 변환하면서 데이터가 손실될 수 있습니다. (소스 파일 컴파일 중 ..\..\src\detection_layer.c)
d:\darknet-master\src\activations.h(92): warning C4244: 'return': 'int'에서 'float'(으)로 변환하면서 데이터가 손실될 수 있습니다. (소스 파일 컴파일 중 ..\..\src\detection_layer.c)
d:\darknet-master\src\activations.h(36): warning C4244: '초기화 중': 'float'에서 'int'(으)로 변환하면서 데이터가 손실될 수 있습니다. (소스 파일 컴파일 중 ..\..\src\dice.c)
d:\darknet-master\src\activations.h(92): warning C4244: 'return': 'int'에서 'float'(으)로 변환하면서 데이터가 손실될 수 있습니다. (소스 파일 컴파일 중 ..\..\src\dice.c)
d:\darknet-master\src\activations.h(36): warning C4244: '초기화 중': 'float'에서 'int'(으)로 변환하면서 데이터가 손실될 수 있습니다. (소스 파일 컴파일 중 ..\..\src\detector.c)
d:\darknet-master\src\activations.h(92): warning C4244: 'return': 'int'에서 'float'(으)로 변환하면서 데이터가 손실될 수 있습니다. (소스 파일 컴파일 중 ..\..\src\detector.c)
d:\darknet-master\src\detection_layer.c(44): warning C4244: '함수': 'time_t'에서 'unsigned int'(으)로 변환하면서 데이터가 손실될 수 있습니다.
d:\darknet-master\src\detection_layer.c(84): warning C4244: '+=': 'double'에서 'float'(으)로 변환하면서 데이터가 손실될 수 있습니다.
d:\darknet-master\src\detection_layer.c(99): warning C4244: '+=': 'double'에서 'float'(으)로 변환하면서 데이터가 손실될 수 있습니다.
d:\darknet-master\src\detection_layer.c(160): warning C4244: '-=': 'double'에서 'float'(으)로 변환하면서 데이터가 손실될 수 있습니다.
d:\darknet-master\src\detection_layer.c(161): warning C4244: '+=': 'double'에서 'float'(으)로 변환하면서 데이터가 손실될 수 있습니다.
d:\darknet-master\src\detection_layer.c(163): warning C4244: '=': 'double'에서 'float'(으)로 변환하면서 데이터가 손실될 수 있습니다.
d:\darknet-master\src\detection_layer.c(174): warning C4244: '=': 'double'에서 'float'(으)로 변환하면서 데이터가 손실될 수 있습니다.
d:\darknet-master\src\detection_layer.c(175): warning C4244: '=': 'double'에서 'float'(으)로 변환하면서 데이터가 손실될 수 있습니다.
d:\darknet-master\src\detection_layer.c(178): warning C4244: '+=': 'double'에서 'float'(으)로 변환하면서 데이터가 손실될 수 있습니다.
d:\darknet-master\src\detection_layer.c(211): warning C4244: '=': 'double'에서 'float'(으)로 변환하면서 데이터가 손실될 수 있습니다.
d:\darknet-master\src\detection_layer.c(80): warning C4244: '초기화 중': 'float'에서 'int'(으)로 변환하면서 데이터가 손실될 수 있습니다.
d:\darknet-master\src\detection_layer.c(239): warning C4244: '=': 'double'에서 'float'(으)로 변환하면서 데이터가 손실될 수 있습니다.
d:\darknet-master\src\detection_layer.c(240): warning C4244: '=': 'double'에서 'float'(으)로 변환하면서 데이터가 손실될 수 있습니다.
d:\darknet-master\src\detection_layer.c(304): warning C4244: '=': 'double'에서 'float'(으)로 변환하면서 데이터가 손실될 수 있습니다.
d:\darknet-master\src\dice.c(9): warning C4244: '함수': 'time_t'에서 'unsigned int'(으)로 변환하면서 데이터가 손실될 수 있습니다.
d:\darknet-master\src\detection_layer.c(305): warning C4244: '=': 'double'에서 'float'(으)로 변환하면서 데이터가 손실될 수 있습니다.
  gemm.c
d:\darknet-master\src\dice.c(35): warning C4244: '=': 'double'에서 'float'(으)로 변환하면서 데이터가 손실될 수 있습니다.
d:\darknet-master\src\detector.c(60): warning C4244: '함수': 'time_t'에서 'unsigned int'(으)로 변환하면서 데이터가 손실될 수 있습니다.
d:\darknet-master\src\dice.c(36): warning C4477: 'printf' : 서식 문자열 '%ld'에 'long' 형식의 인수가 필요하지만 variadic 인수 5의 형식이 'uint64_t'입니다.
  d:\darknet-master\src\dice.c(36): note: 서식 문자열에서 '%lld'을(를) 사용하는 것이 좋습니다.
  d:\darknet-master\src\dice.c(36): note: 서식 문자열에서 '%Id'을(를) 사용하는 것이 좋습니다.
  d:\darknet-master\src\dice.c(36): note: 서식 문자열에서 '%I64d'을(를) 사용하는 것이 좋습니다.
d:\darknet-master\src\detector.c(66): warning C4244: '함수': 'time_t'에서 'unsigned int'(으)로 변환하면서 데이터가 손실될 수 있습니다.
d:\darknet-master\src\activations.h(36): warning C4244: '초기화 중': 'float'에서 'int'(으)로 변환하면서 데이터가 손실될 수 있습니다. (소스 파일 컴파일 중 ..\..\src\dropout_layer.c)
d:\darknet-master\src\dice.c(38): warning C4305: '*=': 'double'에서 'float'(으)로 잘립니다.
d:\darknet-master\src\detector.c(81): warning C4244: '함수': 'time_t'에서 'unsigned int'(으)로 변환하면서 데이터가 손실될 수 있습니다.
d:\darknet-master\src\dice.c(20): warning C4244: '초기화 중': 'uint64_t'에서 'int'(으)로 변환하면서 데이터가 손실될 수 있습니다.
d:\darknet-master\src\activations.h(92): warning C4244: 'return': 'int'에서 'float'(으)로 변환하면서 데이터가 손실될 수 있습니다. (소스 파일 컴파일 중 ..\..\src\dropout_layer.c)
d:\darknet-master\src\detector.c(168): warning C4305: '함수': 'double'에서 'float'(으)로 잘립니다.
d:\darknet-master\src\dice.c(53): warning C4244: '함수': 'time_t'에서 'unsigned int'(으)로 변환하면서 데이터가 손실될 수 있습니다.
d:\darknet-master\src\detector.c(174): warning C4244: '=': 'long double'에서 'int'(으)로 변환하면서 데이터가 손실될 수 있습니다.
d:\darknet-master\src\detector.c(175): warning C4244: '=': 'long double'에서 'int'(으)로 변환하면서 데이터가 손실될 수 있습니다.
d:\darknet-master\src\detector.c(199): warning C4244: '=': 'float'에서 'int'(으)로 변환하면서 데이터가 손실될 수 있습니다.
d:\darknet-master\src\detector.c(238): warning C4244: '=': 'double'에서 'float'(으)로 변환하면서 데이터가 손실될 수 있습니다.
d:\darknet-master\src\detector.c(243): warning C4244: '=': 'double'에서 'int'(으)로 변환하면서 데이터가 손실될 수 있습니다.
d:\darknet-master\src\detector.c(245): warning C4244: '=': 'double'에서 'int'(으)로 변환하면서 데이터가 손실될 수 있습니다.
d:\darknet-master\src\detector.c(246): warning C4244: '=': 'double'에서 'int'(으)로 변환하면서 데이터가 손실될 수 있습니다.
d:\darknet-master\src\detector.c(169): warning C4244: '초기화 중': 'long double'에서 'int'(으)로 변환하면서 데이터가 손실될 수 있습니다.
d:\darknet-master\src\detector.c(170): warning C4244: '초기화 중': 'long double'에서 'int'(으)로 변환하면서 데이터가 손실될 수 있습니다.
d:\darknet-master\src\detector.c(375): warning C4244: '=': 'int'에서 'float'(으)로 변환하면서 데이터가 손실될 수 있습니다.
d:\darknet-master\src\detector.c(376): warning C4244: '=': 'int'에서 'float'(으)로 변환하면서 데이터가 손실될 수 있습니다.
d:\darknet-master\src\detector.c(368): warning C4244: '초기화 중': 'double'에서 'float'(으)로 변환하면서 데이터가 손실될 수 있습니다.
d:\darknet-master\src\detector.c(369): warning C4244: '초기화 중': 'double'에서 'float'(으)로 변환하면서 데이터가 손실될 수 있습니다.
d:\darknet-master\src\detector.c(370): warning C4244: '초기화 중': 'double'에서 'float'(으)로 변환하면서 데이터가 손실될 수 있습니다.
d:\darknet-master\src\detector.c(371): warning C4244: '초기화 중': 'double'에서 'float'(으)로 변환하면서 데이터가 손실될 수 있습니다.
d:\darknet-master\src\detector.c(400): warning C4244: '=': 'int'에서 'float'(으)로 변환하면서 데이터가 손실될 수 있습니다.
d:\darknet-master\src\detector.c(401): warning C4244: '=': 'int'에서 'float'(으)로 변환하면서 데이터가 손실될 수 있습니다.
d:\darknet-master\src\detector.c(393): warning C4244: '초기화 중': 'double'에서 'float'(으)로 변환하면서 데이터가 손실될 수 있습니다.
d:\darknet-master\src\detector.c(394): warning C4244: '초기화 중': 'double'에서 'float'(으)로 변환하면서 데이터가 손실될 수 있습니다.
d:\darknet-master\src\detector.c(395): warning C4244: '초기화 중': 'double'에서 'float'(으)로 변환하면서 데이터가 손실될 수 있습니다.
d:\darknet-master\src\detector.c(396): warning C4244: '초기화 중': 'double'에서 'float'(으)로 변환하면서 데이터가 손실될 수 있습니다.
d:\darknet-master\src\dropout_layer.c(16): warning C4244: '=': 'double'에서 'float'(으)로 변환하면서 데이터가 손실될 수 있습니다.
d:\darknet-master\src\detector.c(421): warning C4244: '=': 'int'에서 'float'(으)로 변환하면서 데이터가 손실될 수 있습니다.
d:\darknet-master\src\detector.c(422): warning C4244: '=': 'int'에서 'float'(으)로 변환하면서 데이터가 손실될 수 있습니다.
d:\darknet-master\src\detector.c(414): warning C4244: '초기화 중': 'double'에서 'float'(으)로 변환하면서 데이터가 손실될 수 있습니다.
d:\darknet-master\src\detector.c(415): warning C4244: '초기화 중': 'double'에서 'float'(으)로 변환하면서 데이터가 손실될 수 있습니다.
d:\darknet-master\src\detector.c(416): warning C4244: '초기화 중': 'double'에서 'float'(으)로 변환하면서 데이터가 손실될 수 있습니다.
d:\darknet-master\src\detector.c(417): warning C4244: '초기화 중': 'double'에서 'float'(으)로 변환하면서 데이터가 손실될 수 있습니다.
d:\darknet-master\src\detector.c(450): warning C4244: '함수': 'time_t'에서 'unsigned int'(으)로 변환하면서 데이터가 손실될 수 있습니다.
d:\darknet-master\src\detector.c(492): warning C4305: '초기화 중': 'double'에서 'float'(으)로 잘립니다.
d:\darknet-master\src\detector.c(493): warning C4305: '초기화 중': 'double'에서 'float'(으)로 잘립니다.
d:\darknet-master\src\detector.c(587): warning C4244: '함수': 'time_t'에서 'unsigned int'(으)로 변환하면서 데이터가 손실될 수 있습니다.
d:\darknet-master\src\detector.c(602): warning C4305: '초기화 중': 'double'에서 'float'(으)로 잘립니다.
d:\darknet-master\src\detector.c(604): warning C4305: '초기화 중': 'double'에서 'float'(으)로 잘립니다.
d:\darknet-master\src\detector.c(711): warning C4244: '함수': 'time_t'에서 'unsigned int'(으)로 변환하면서 데이터가 손실될 수 있습니다.
d:\darknet-master\src\detector.c(1117): warning C4244: 'return': 'double'에서 'float'(으)로 변환하면서 데이터가 손실될 수 있습니다.
d:\darknet-master\src\detector.c(731): warning C4305: '초기화 중': 'double'에서 'const float'(으)로 잘립니다.
d:\darknet-master\src\detector.c(732): warning C4305: '초기화 중': 'double'에서 'const float'(으)로 잘립니다.
d:\darknet-master\src\detector.c(1164): warning C4244: '함수': 'time_t'에서 'unsigned int'(으)로 변환하면서 데이터가 손실될 수 있습니다.
d:\darknet-master\src\detector.c(1320): warning C4305: '초기화 중': 'double'에서 'float'(으)로 잘립니다.
d:\darknet-master\src\detector.c(1474): warning C4267: '초기화 중': 'size_t'에서 'int'(으)로 변환하면서 데이터가 손실될 수 있습니다.
  getopt.c
  gettimeofday.c
d:\darknet-master\src\activations.h(36): warning C4244: '초기화 중': 'float'에서 'int'(으)로 변환하면서 데이터가 손실될 수 있습니다. (소스 파일 컴파일 중 ..\..\src\gaussian_yolo_layer.c)
d:\darknet-master\src\activations.h(92): warning C4244: 'return': 'int'에서 'float'(으)로 변환하면서 데이터가 손실될 수 있습니다. (소스 파일 컴파일 중 ..\..\src\gaussian_yolo_layer.c)
d:\darknet-master\src\activations.h(36): warning C4244: '초기화 중': 'float'에서 'int'(으)로 변환하면서 데이터가 손실될 수 있습니다. (소스 파일 컴파일 중 ..\..\src\gemm.c)
d:\darknet-master\src\activations.h(92): warning C4244: 'return': 'int'에서 'float'(으)로 변환하면서 데이터가 손실될 수 있습니다. (소스 파일 컴파일 중 ..\..\src\gemm.c)
d:\darknet-master\src\gaussian_yolo_layer.c(85): warning C4244: '함수': 'time_t'에서 'unsigned int'(으)로 변환하면서 데이터가 손실될 수 있습니다.
d:\darknet-master\src\gaussian_yolo_layer.c(138): warning C4244: '=': 'double'에서 'float'(으)로 변환하면서 데이터가 손실될 수 있습니다.
d:\darknet-master\src\gaussian_yolo_layer.c(139): warning C4244: '=': 'double'에서 'float'(으)로 변환하면서 데이터가 손실될 수 있습니다.
d:\darknet-master\src\gaussian_yolo_layer.c(230): warning C4244: '*=': 'double'에서 'float'(으)로 변환하면서 데이터가 손실될 수 있습니다.
d:\darknet-master\src\gaussian_yolo_layer.c(231): warning C4244: '*=': 'double'에서 'float'(으)로 변환하면서 데이터가 손실될 수 있습니다.
d:\darknet-master\src\gaussian_yolo_layer.c(154): warning C4305: '초기화 중': 'double'에서 'float'(으)로 잘립니다.
d:\darknet-master\src\gaussian_yolo_layer.c(155): warning C4244: '초기화 중': 'double'에서 'float'(으)로 변환하면서 데이터가 손실될 수 있습니다.
d:\darknet-master\src\gaussian_yolo_layer.c(163): warning C4244: '초기화 중': 'double'에서 'float'(으)로 변환하면서 데이터가 손실될 수 있습니다.
d:\darknet-master\src\gaussian_yolo_layer.c(164): warning C4244: '초기화 중': 'double'에서 'float'(으)로 변환하면서 데이터가 손실될 수 있습니다.
d:\darknet-master\src\gaussian_yolo_layer.c(173): warning C4244: '초기화 중': 'double'에서 'float'(으)로 변환하면서 데이터가 손실될 수 있습니다.
d:\darknet-master\src\gaussian_yolo_layer.c(174): warning C4244: '초기화 중': 'double'에서 'float'(으)로 변환하면서 데이터가 손실될 수 있습니다.
d:\darknet-master\src\gaussian_yolo_layer.c(177): warning C4244: '초기화 중': 'double'에서 'float'(으)로 변환하면서 데이터가 손실될 수 있습니다.
d:\darknet-master\src\gaussian_yolo_layer.c(178): warning C4244: '초기화 중': 'double'에서 'float'(으)로 변환하면서 데이터가 손실될 수 있습니다.
d:\darknet-master\src\gaussian_yolo_layer.c(181): warning C4244: '초기화 중': 'double'에서 'float'(으)로 변환하면서 데이터가 손실될 수 있습니다.
d:\darknet-master\src\gaussian_yolo_layer.c(182): warning C4244: '초기화 중': 'double'에서 'float'(으)로 변환하면서 데이터가 손실될 수 있습니다.
d:\darknet-master\src\gaussian_yolo_layer.c(185): warning C4244: '초기화 중': 'double'에서 'float'(으)로 변환하면서 데이터가 손실될 수 있습니다.
d:\darknet-master\src\gaussian_yolo_layer.c(186): warning C4244: '초기화 중': 'double'에서 'float'(으)로 변환하면서 데이터가 손실될 수 있습니다.
d:\darknet-master\src\gaussian_yolo_layer.c(188): warning C4244: '초기화 중': 'double'에서 'float'(으)로 변환하면서 데이터가 손실될 수 있습니다.
d:\darknet-master\src\gaussian_yolo_layer.c(189): warning C4244: '초기화 중': 'double'에서 'float'(으)로 변환하면서 데이터가 손실될 수 있습니다.
d:\darknet-master\src\gaussian_yolo_layer.c(190): warning C4244: '초기화 중': 'double'에서 'float'(으)로 변환하면서 데이터가 손실될 수 있습니다.
  go.c
  gru_layer.c
d:\darknet-master\src\gaussian_yolo_layer.c(191): warning C4244: '초기화 중': 'double'에서 'float'(으)로 변환하면서 데이터가 손실될 수 있습니다.
d:\darknet-master\src\gaussian_yolo_layer.c(204): warning C4244: '초기화 중': 'double'에서 'float'(으)로 변환하면서 데이터가 손실될 수 있습니다.
d:\darknet-master\src\gaussian_yolo_layer.c(205): warning C4244: '초기화 중': 'double'에서 'float'(으)로 변환하면서 데이터가 손실될 수 있습니다.
d:\darknet-master\src\gaussian_yolo_layer.c(206): warning C4244: '초기화 중': 'double'에서 'float'(으)로 변환하면서 데이터가 손실될 수 있습니다.
d:\darknet-master\src\gaussian_yolo_layer.c(207): warning C4244: '초기화 중': 'double'에서 'float'(으)로 변환하면서 데이터가 손실될 수 있습니다.
d:\darknet-master\src\gaussian_yolo_layer.c(209): warning C4244: '초기화 중': 'double'에서 'float'(으)로 변환하면서 데이터가 손실될 수 있습니다.
d:\darknet-master\src\gaussian_yolo_layer.c(210): warning C4244: '초기화 중': 'double'에서 'float'(으)로 변환하면서 데이터가 손실될 수 있습니다.
d:\darknet-master\src\gaussian_yolo_layer.c(211): warning C4244: '초기화 중': 'double'에서 'float'(으)로 변환하면서 데이터가 손실될 수 있습니다.
d:\darknet-master\src\gaussian_yolo_layer.c(212): warning C4244: '초기화 중': 'double'에서 'float'(으)로 변환하면서 데이터가 손실될 수 있습니다.
d:\darknet-master\src\gaussian_yolo_layer.c(226): warning C4244: '초기화 중': 'double'에서 'float'(으)로 변환하면서 데이터가 손실될 수 있습니다.
d:\darknet-master\src\gaussian_yolo_layer.c(227): warning C4244: '초기화 중': 'double'에서 'float'(으)로 변환하면서 데이터가 손실될 수 있습니다.
d:\darknet-master\src\gaussian_yolo_layer.c(329): warning C4244: '함수': 'double'에서 'float'(으)로 변환하면서 데이터가 손실될 수 있습니다.
d:\darknet-master\src\gaussian_yolo_layer.c(333): warning C4244: '함수': 'double'에서 'float'(으)로 변환하면서 데이터가 손실될 수 있습니다.
d:\darknet-master\src\gaussian_yolo_layer.c(419): warning C4244: '=': 'float'에서 'int'(으)로 변환하면서 데이터가 손실될 수 있습니다.
d:\darknet-master\src\gaussian_yolo_layer.c(420): warning C4244: '=': 'float'에서 'int'(으)로 변환하면서 데이터가 손실될 수 있습니다.
d:\darknet-master\src\gaussian_yolo_layer.c(550): warning C4244: '=': 'double'에서 'float'(으)로 변환하면서 데이터가 손실될 수 있습니다.
d:\darknet-master\src\gaussian_yolo_layer.c(370): warning C4244: '초기화 중': 'float'에서 'int'(으)로 변환하면서 데이터가 손실될 수 있습니다.
d:\darknet-master\src\gaussian_yolo_layer.c(403): warning C4244: '초기화 중': 'float'에서 'int'(으)로 변환하면서 데이터가 손실될 수 있습니다.
d:\darknet-master\src\gaussian_yolo_layer.c(443): warning C4244: '초기화 중': 'float'에서 'int'(으)로 변환하면서 데이터가 손실될 수 있습니다.
d:\darknet-master\src\gaussian_yolo_layer.c(474): warning C4244: '초기화 중': 'float'에서 'int'(으)로 변환하면서 데이터가 손실될 수 있습니다.
d:\darknet-master\src\gaussian_yolo_layer.c(528): warning C4244: '초기화 중': 'double'에서 'float'(으)로 변환하면서 데이터가 손실될 수 있습니다.
d:\darknet-master\src\gaussian_yolo_layer.c(547): warning C4244: '초기화 중': 'double'에서 'float'(으)로 변환하면서 데이터가 손실될 수 있습니다.
d:\darknet-master\src\gaussian_yolo_layer.c(552): warning C4244: '초기화 중': 'double'에서 'float'(으)로 변환하면서 데이터가 손실될 수 있습니다.
d:\darknet-master\src\classifier.c(25): warning C4244: '=': 'double'에서 'float'(으)로 변환하면서 데이터가 손실될 수 있습니다.
d:\darknet-master\src\classifier.c(40): warning C4244: '함수': 'time_t'에서 'unsigned int'(으)로 변환하면서 데이터가 손실될 수 있습니다.
d:\darknet-master\src\gaussian_yolo_layer.c(601): warning C4244: '=': 'double'에서 'float'(으)로 변환하면서 데이터가 손실될 수 있습니다.
d:\darknet-master\src\gaussian_yolo_layer.c(602): warning C4244: '=': 'double'에서 'float'(으)로 변환하면서 데이터가 손실될 수 있습니다.
d:\darknet-master\src\classifier.c(54): warning C4244: '함수': 'time_t'에서 'unsigned int'(으)로 변환하면서 데이터가 손실될 수 있습니다.
d:\darknet-master\src\gaussian_yolo_layer.c(685): warning C4244: '초기화 중': 'double'에서 'float'(으)로 변환하면서 데이터가 손실될 수 있습니다.
d:\darknet-master\src\classifier.c(142): warning C4244: '=': 'double'에서 'float'(으)로 변환하면서 데이터가 손실될 수 있습니다.
d:\darknet-master\src\gaussian_yolo_layer.c(686): warning C4244: '초기화 중': 'double'에서 'float'(으)로 변환하면서 데이터가 손실될 수 있습니다.
d:\darknet-master\src\classifier.c(147): warning C4244: '=': 'double'에서 'int'(으)로 변환하면서 데이터가 손실될 수 있습니다.
d:\darknet-master\src\classifier.c(148): warning C4244: '=': 'double'에서 'int'(으)로 변환하면서 데이터가 손실될 수 있습니다.
d:\darknet-master\src\classifier.c(169): warning C4477: 'printf' : 서식 문자열 '%ld'에 'long' 형식의 인수가 필요하지만 variadic 인수 7의 형식이 'uint64_t'입니다.
  d:\darknet-master\src\classifier.c(169): note: 서식 문자열에서 '%lld'을(를) 사용하는 것이 좋습니다.
  d:\darknet-master\src\classifier.c(169): note: 서식 문자열에서 '%Id'을(를) 사용하는 것이 좋습니다.
  d:\darknet-master\src\classifier.c(169): note: 서식 문자열에서 '%I64d'을(를) 사용하는 것이 좋습니다.
d:\darknet-master\src\classifier.c(333): warning C4244: '함수': 'time_t'에서 'unsigned int'(으)로 변환하면서 데이터가 손실될 수 있습니다.
d:\darknet-master\src\classifier.c(402): warning C4244: '함수': 'time_t'에서 'unsigned int'(으)로 변환하면서 데이터가 손실될 수 있습니다.
d:\darknet-master\src\classifier.c(475): warning C4244: '함수': 'time_t'에서 'unsigned int'(으)로 변환하면서 데이터가 손실될 수 있습니다.
d:\darknet-master\src\classifier.c(548): warning C4244: '함수': 'time_t'에서 'unsigned int'(으)로 변환하면서 데이터가 손실될 수 있습니다.
d:\darknet-master\src\classifier.c(620): warning C4244: '함수': 'time_t'에서 'unsigned int'(으)로 변환하면서 데이터가 손실될 수 있습니다.
d:\darknet-master\src\classifier.c(713): warning C4305: '초기화 중': 'double'에서 'float'(으)로 잘립니다.
d:\darknet-master\src\classifier.c(714): warning C4305: '초기화 중': 'double'에서 'float'(으)로 잘립니다.
d:\darknet-master\src\classifier.c(830): warning C4244: '함수': 'time_t'에서 'unsigned int'(으)로 변환하면서 데이터가 손실될 수 있습니다.
d:\darknet-master\src\classifier.c(868): warning C4244: '함수': 'time_t'에서 'unsigned int'(으)로 변환하면서 데이터가 손실될 수 있습니다.
d:\darknet-master\src\classifier.c(1250): warning C4267: '초기화 중': 'size_t'에서 'int'(으)로 변환하면서 데이터가 손실될 수 있습니다.
d:\darknet-master\src\gemm.c(334): warning C4244: 'return': 'unsigned long'에서 'uint8_t'(으)로 변환하면서 데이터가 손실될 수 있습니다.
d:\darknet-master\src\activations.h(36): warning C4244: '초기화 중': 'float'에서 'int'(으)로 변환하면서 데이터가 손실될 수 있습니다. (소스 파일 컴파일 중 ..\..\src\gru_layer.c)
d:\darknet-master\src\gemm.c(393): warning C4068: 알 수 없는 pragma입니다.
d:\darknet-master\src\activations.h(92): warning C4244: 'return': 'int'에서 'float'(으)로 변환하면서 데이터가 손실될 수 있습니다. (소스 파일 컴파일 중 ..\..\src\gru_layer.c)
d:\darknet-master\src\gemm.c(396): warning C4068: 알 수 없는 pragma입니다.
d:\darknet-master\src\gemm.c(421): warning C4244: 'return': 'unsigned long'에서 'unsigned char'(으)로 변환하면서 데이터가 손실될 수 있습니다.
  im2col.c
d:\darknet-master\src\gemm.c(927): warning C4244: '함수': 'int'에서 'float'(으)로 변환하면서 데이터가 손실될 수 있습니다.
d:\darknet-master\src\gemm.c(928): warning C4244: '함수': 'int'에서 'float'(으)로 변환하면서 데이터가 손실될 수 있습니다.
d:\darknet-master\src\gemm.c(929): warning C4244: '함수': 'int'에서 'float'(으)로 변환하면서 데이터가 손실될 수 있습니다.
d:\darknet-master\src\gemm.c(930): warning C4244: '함수': 'int'에서 'float'(으)로 변환하면서 데이터가 손실될 수 있습니다.
d:\darknet-master\src\gemm.c(931): warning C4244: '함수': 'int'에서 'float'(으)로 변환하면서 데이터가 손실될 수 있습니다.
d:\darknet-master\src\gemm.c(932): warning C4244: '함수': 'int'에서 'float'(으)로 변환하면서 데이터가 손실될 수 있습니다.
d:\darknet-master\src\gemm.c(933): warning C4244: '함수': 'int'에서 'float'(으)로 변환하면서 데이터가 손실될 수 있습니다.
d:\darknet-master\src\gemm.c(934): warning C4244: '함수': 'int'에서 'float'(으)로 변환하면서 데이터가 손실될 수 있습니다.
d:\darknet-master\src\gemm.c(1055): warning C4244: '초기화 중': 'double'에서 'float'(으)로 변환하면서 데이터가 손실될 수 있습니다.
d:\darknet-master\src\gemm.c(1039): warning C4101: 'all256_last_zero' :참조되지 않은 지역 변수입니다.
d:\darknet-master\src\gemm.c(1044): warning C4101: 'all256_one' :참조되지 않은 지역 변수입니다.
d:\darknet-master\src\gemm.c(1042): warning C4101: 'idx256' :참조되지 않은 지역 변수입니다.
d:\darknet-master\src\gemm.c(1045): warning C4101: 'all256i_one' :참조되지 않은 지역 변수입니다.
d:\darknet-master\src\gemm.c(1143): warning C4244: 'return': 'unsigned __int64'에서 'int'(으)로 변환하면서 데이터가 손실될 수 있습니다.
d:\darknet-master\src\gemm.c(1182): warning C4244: 'return': '__int64'에서 'int'(으)로 변환하면서 데이터가 손실될 수 있습니다.
d:\darknet-master\src\gemm.c(1199): warning C4244: 'return': '__int64'에서 'int'(으)로 변환하면서 데이터가 손실될 수 있습니다.
d:\darknet-master\src\gemm.c(1643): warning C4101: 'all256_sing1' :참조되지 않은 지역 변수입니다.
d:\darknet-master\src\gemm.c(1778): warning C4244: '=': 'double'에서 'float'(으)로 변환하면서 데이터가 손실될 수 있습니다.
d:\darknet-master\src\activations.h(36): warning C4244: '초기화 중': 'float'에서 'int'(으)로 변환하면서 데이터가 손실될 수 있습니다. (소스 파일 컴파일 중 ..\..\src\go.c)
d:\darknet-master\src\activations.h(92): warning C4244: 'return': 'int'에서 'float'(으)로 변환하면서 데이터가 손실될 수 있습니다. (소스 파일 컴파일 중 ..\..\src\go.c)
  image.c
d:\darknet-master\src\go.c(118): warning C4244: '함수': 'time_t'에서 'unsigned int'(으)로 변환하면서 데이터가 손실될 수 있습니다.
d:\darknet-master\src\go.c(144): warning C4244: '=': 'double'에서 'float'(으)로 변환하면서 데이터가 손실될 수 있습니다.
d:\darknet-master\src\go.c(145): warning C4477: 'printf' : 서식 문자열 '%ld'에 'long' 형식의 인수가 필요하지만 variadic 인수 7의 형식이 'uint64_t'입니다.
  d:\darknet-master\src\go.c(145): note: 서식 문자열에서 '%lld'을(를) 사용하는 것이 좋습니다.
  d:\darknet-master\src\go.c(145): note: 서식 문자열에서 '%Id'을(를) 사용하는 것이 좋습니다.
  d:\darknet-master\src\go.c(145): note: 서식 문자열에서 '%I64d'을(를) 사용하는 것이 좋습니다.
d:\darknet-master\src\go.c(147): warning C4244: '=': 'uint64_t'에서 'int'(으)로 변환하면서 데이터가 손실될 수 있습니다.
d:\darknet-master\src\go.c(137): warning C4244: '초기화 중': 'uint64_t'에서 'int'(으)로 변환하면서 데이터가 손실될 수 있습니다.
d:\darknet-master\src\go.c(196): warning C4244: '함수': 'float'에서 'int'(으)로 변환하면서 데이터가 손실될 수 있습니다.
d:\darknet-master\src\go.c(197): warning C4244: '함수': 'float'에서 'int'(으)로 변환하면서 데이터가 손실될 수 있습니다.
d:\darknet-master\src\go.c(198): warning C4244: '함수': 'float'에서 'int'(으)로 변환하면서 데이터가 손실될 수 있습니다.
d:\darknet-master\src\go.c(199): warning C4244: '함수': 'float'에서 'int'(으)로 변환하면서 데이터가 손실될 수 있습니다.
d:\darknet-master\src\go.c(305): warning C4244: '=': 'int'에서 'float'(으)로 변환하면서 데이터가 손실될 수 있습니다.
d:\darknet-master\src\go.c(402): warning C4244: '함수': 'time_t'에서 'unsigned int'(으)로 변환하면서 데이터가 손실될 수 있습니다.
d:\darknet-master\src\go.c(438): warning C4244: '함수': 'time_t'에서 'unsigned int'(으)로 변환하면서 데이터가 손실될 수 있습니다.
d:\darknet-master\src\go.c(535): warning C4305: '함수': 'double'에서 'float'(으)로 잘립니다.
d:\darknet-master\src\go.c(611): warning C4244: '함수': 'time_t'에서 'unsigned int'(으)로 변환하면서 데이터가 손실될 수 있습니다.
d:\darknet-master\src\go.c(686): warning C4244: '=': 'int'에서 'float'(으)로 변환하면서 데이터가 손실될 수 있습니다.
d:\darknet-master\src\go.c(760): warning C4244: '함수': 'time_t'에서 'unsigned int'(으)로 변환하면서 데이터가 손실될 수 있습니다.
d:\darknet-master\src\go.c(798): warning C4305: '함수': 'double'에서 'float'(으)로 잘립니다.
  layer.c
  list.c
  local_layer.c
  lstm_layer.c
d:\darknet-master\src\activations.h(36): warning C4244: '초기화 중': 'float'에서 'int'(으)로 변환하면서 데이터가 손실될 수 있습니다. (소스 파일 컴파일 중 ..\..\src\layer.c)
d:\darknet-master\src\activations.h(92): warning C4244: 'return': 'int'에서 'float'(으)로 변환하면서 데이터가 손실될 수 있습니다. (소스 파일 컴파일 중 ..\..\src\layer.c)
  matrix.c
d:\darknet-master\src\activations.h(36): warning C4244: '초기화 중': 'float'에서 'int'(으)로 변환하면서 데이터가 손실될 수 있습니다. (소스 파일 컴파일 중 ..\..\src\local_layer.c)
d:\darknet-master\src\activations.h(92): warning C4244: 'return': 'int'에서 'float'(으)로 변환하면서 데이터가 손실될 수 있습니다. (소스 파일 컴파일 중 ..\..\src\local_layer.c)
d:\darknet-master\src\local_layer.c(57): warning C4244: '초기화 중': 'double'에서 'float'(으)로 변환하면서 데이터가 손실될 수 있습니다.
  maxpool_layer.c
  network.c
d:\darknet-master\src\activations.h(36): warning C4244: '초기화 중': 'float'에서 'int'(으)로 변환하면서 데이터가 손실될 수 있습니다. (소스 파일 컴파일 중 ..\..\src\lstm_layer.c)
d:\darknet-master\src\activations.h(92): warning C4244: 'return': 'int'에서 'float'(으)로 변환하면서 데이터가 손실될 수 있습니다. (소스 파일 컴파일 중 ..\..\src\lstm_layer.c)
  nightmare.c
d:\darknet-master\src\gettimeofday.c(39): warning C4244: '=': 'double'에서 'long'(으)로 변환하면서 데이터가 손실될 수 있습니다.
d:\darknet-master\src\image.c(28): warning C4244: '초기화 중': 'double'에서 'int'(으)로 변환하면서 데이터가 손실될 수 있습니다.
d:\darknet-master\src\image.c(29): warning C4244: '초기화 중': 'double'에서 'int'(으)로 변환하면서 데이터가 손실될 수 있습니다.
  normalization_layer.c
d:\darknet-master\src\image.c(116): warning C4244: '함수': 'double'에서 'int'(으)로 변환하면서 데이터가 손실될 수 있습니다.
d:\darknet-master\src\image.c(133): warning C4244: '함수': 'double'에서 'int'(으)로 변환하면서 데이터가 손실될 수 있습니다.
d:\darknet-master\src\image.c(183): warning C4244: '초기화 중': 'double'에서 'float'(으)로 변환하면서 데이터가 손실될 수 있습니다.
d:\darknet-master\src\image.c(234): warning C4244: '초기화 중': 'float'에서 'int'(으)로 변환하면서 데이터가 손실될 수 있습니다.
d:\darknet-master\src\image.c(235): warning C4244: '초기화 중': 'float'에서 'int'(으)로 변환하면서 데이터가 손실될 수 있습니다.
d:\darknet-master\src\image.c(236): warning C4244: '초기화 중': 'float'에서 'int'(으)로 변환하면서 데이터가 손실될 수 있습니다.
d:\darknet-master\src\image.c(237): warning C4244: '초기화 중': 'float'에서 'int'(으)로 변환하면서 데이터가 손실될 수 있습니다.
d:\darknet-master\src\image.c(399): warning C4305: '함수': 'double'에서 'float'(으)로 잘립니다.
d:\darknet-master\src\image.c(414): warning C4244: '함수': 'double'에서 'int'(으)로 변환하면서 데이터가 손실될 수 있습니다.
d:\darknet-master\src\image.c(420): warning C4244: '함수': 'float'에서 'int'(으)로 변환하면서 데이터가 손실될 수 있습니다.
d:\darknet-master\src\image.c(339): warning C4244: '초기화 중': 'double'에서 'int'(으)로 변환하면서 데이터가 손실될 수 있습니다.
d:\darknet-master\src\image.c(365): warning C4244: '초기화 중': 'double'에서 'int'(으)로 변환하면서 데이터가 손실될 수 있습니다.
d:\darknet-master\src\image.c(366): warning C4244: '초기화 중': 'double'에서 'int'(으)로 변환하면서 데이터가 손실될 수 있습니다.
d:\darknet-master\src\image.c(367): warning C4244: '초기화 중': 'double'에서 'int'(으)로 변환하면서 데이터가 손실될 수 있습니다.
d:\darknet-master\src\image.c(368): warning C4244: '초기화 중': 'double'에서 'int'(으)로 변환하면서 데이터가 손실될 수 있습니다.
d:\darknet-master\src\image.c(451): warning C4244: '=': 'double'에서 'int'(으)로 변환하면서 데이터가 손실될 수 있습니다.
d:\darknet-master\src\image.c(485): warning C4244: '함수': 'double'에서 'int'(으)로 변환하면서 데이터가 손실될 수 있습니다.
d:\darknet-master\src\image.c(448): warning C4244: '초기화 중': 'double'에서 'int'(으)로 변환하면서 데이터가 손실될 수 있습니다.
d:\darknet-master\src\image.c(468): warning C4244: '초기화 중': 'double'에서 'int'(으)로 변환하면서 데이터가 손실될 수 있습니다.
d:\darknet-master\src\image.c(469): warning C4244: '초기화 중': 'double'에서 'int'(으)로 변환하면서 데이터가 손실될 수 있습니다.
d:\darknet-master\src\image.c(470): warning C4244: '초기화 중': 'double'에서 'int'(으)로 변환하면서 데이터가 손실될 수 있습니다.
d:\darknet-master\src\image.c(471): warning C4244: '초기화 중': 'double'에서 'int'(으)로 변환하면서 데이터가 손실될 수 있습니다.
d:\darknet-master\src\image.c(551): warning C4244: '+=': 'double'에서 'float'(으)로 변환하면서 데이터가 손실될 수 있습니다.
d:\darknet-master\src\image.c(555): warning C4244: '=': 'double'에서 'float'(으)로 변환하면서 데이터가 손실될 수 있습니다.
d:\darknet-master\src\activations.h(36): warning C4244: '초기화 중': 'float'에서 'int'(으)로 변환하면서 데이터가 손실될 수 있습니다. (소스 파일 컴파일 중 ..\..\src\network.c)
d:\darknet-master\src\activations.h(92): warning C4244: 'return': 'int'에서 'float'(으)로 변환하면서 데이터가 손실될 수 있습니다. (소스 파일 컴파일 중 ..\..\src\network.c)
d:\darknet-master\src\image.c(768): warning C4244: '=': 'double'에서 'float'(으)로 변환하면서 데이터가 손실될 수 있습니다.
d:\darknet-master\src\image.c(779): warning C4244: '=': 'double'에서 'int'(으)로 변환하면서 데이터가 손실될 수 있습니다.
d:\darknet-master\src\image.c(798): warning C4244: '초기화 중': 'double'에서 'float'(으)로 변환하면서 데이터가 손실될 수 있습니다.
d:\darknet-master\src\image.c(799): warning C4244: '초기화 중': 'double'에서 'float'(으)로 변환하면서 데이터가 손실될 수 있습니다.
d:\darknet-master\src\image.c(804): warning C4244: '초기화 중': 'double'에서 'float'(으)로 변환하면서 데이터가 손실될 수 있습니다.
d:\darknet-master\src\activations.h(36): warning C4244: '초기화 중': 'float'에서 'int'(으)로 변환하면서 데이터가 손실될 수 있습니다. (소스 파일 컴파일 중 ..\..\src\maxpool_layer.c)
d:\darknet-master\src\image.c(805): warning C4244: '초기화 중': 'double'에서 'float'(으)로 변환하면서 데이터가 손실될 수 있습니다.
d:\darknet-master\src\image.c(817): warning C4244: '초기화 중': 'double'에서 'float'(으)로 변환하면서 데이터가 손실될 수 있습니다.
d:\darknet-master\src\image.c(818): warning C4244: '초기화 중': 'double'에서 'float'(으)로 변환하면서 데이터가 손실될 수 있습니다.
d:\darknet-master\src\image.c(823): warning C4244: '초기화 중': 'double'에서 'float'(으)로 변환하면서 데이터가 손실될 수 있습니다.
d:\darknet-master\src\activations.h(92): warning C4244: 'return': 'int'에서 'float'(으)로 변환하면서 데이터가 손실될 수 있습니다. (소스 파일 컴파일 중 ..\..\src\maxpool_layer.c)
d:\darknet-master\src\image.c(824): warning C4244: '초기화 중': 'double'에서 'float'(으)로 변환하면서 데이터가 손실될 수 있습니다.
d:\darknet-master\src\image.c(870): warning C4244: '초기화 중': 'double'에서 'int'(으)로 변환하면서 데이터가 손실될 수 있습니다.
d:\darknet-master\src\image.c(1023): warning C4244: '초기화 중': 'float'에서 'int'(으)로 변환하면서 데이터가 손실될 수 있습니다.
d:\darknet-master\src\image.c(1026): warning C4244: '초기화 중': 'double'에서 'float'(으)로 변환하면서 데이터가 손실될 수 있습니다.
d:\darknet-master\src\image.c(1028): warning C4244: '초기화 중': 'double'에서 'float'(으)로 변환하면서 데이터가 손실될 수 있습니다.
d:\darknet-master\src\image.c(1029): warning C4244: '초기화 중': 'double'에서 'float'(으)로 변환하면서 데이터가 손실될 수 있습니다.
d:\darknet-master\src\image.c(1079): warning C4244: '=': 'double'에서 'float'(으)로 변환하면서 데이터가 손실될 수 있습니다.
d:\darknet-master\src\image.c(1103): warning C4244: '초기화 중': 'double'에서 'int'(으)로 변환하면서 데이터가 손실될 수 있습니다.
d:\darknet-master\src\image.c(1134): warning C4305: '초기화 중': 'double'에서 'float'(으)로 잘립니다.
d:\darknet-master\src\image.c(1150): warning C4244: '=': 'int'에서 'float'(으)로 변환하면서 데이터가 손실될 수 있습니다.
d:\darknet-master\src\maxpool_layer.c(105): warning C4244: '=': 'double'에서 'float'(으)로 변환하면서 데이터가 손실될 수 있습니다.
d:\darknet-master\src\image.c(1348): warning C4305: '함수': 'double'에서 'float'(으)로 잘립니다.
d:\darknet-master\src\image.c(1349): warning C4305: '함수': 'double'에서 'float'(으)로 잘립니다.
d:\darknet-master\src\image.c(1350): warning C4305: '함수': 'double'에서 'float'(으)로 잘립니다.
d:\darknet-master\src\image.c(1351): warning C4305: '함수': 'double'에서 'float'(으)로 잘립니다.
d:\darknet-master\src\image.c(1414): warning C4244: '=': 'double'에서 'float'(으)로 변환하면서 데이터가 손실될 수 있습니다.
d:\darknet-master\src\image.c(1588): warning C4244: '=': 'double'에서 'float'(으)로 변환하면서 데이터가 손실될 수 있습니다.
d:\darknet-master\src\network.c(61): warning C4244: '초기화 중': 'uint64_t'에서 'int'(으)로 변환하면서 데이터가 손실될 수 있습니다.
d:\darknet-master\src\network.c(107): warning C4244: '*=': 'float'에서 'int'(으)로 변환하면서 데이터가 손실될 수 있습니다.
d:\darknet-master\src\network.c(112): warning C4244: 'return': 'int'에서 'float'(으)로 변환하면서 데이터가 손실될 수 있습니다.
d:\darknet-master\src\network.c(128): warning C4244: 'return': 'double'에서 'float'(으)로 변환하면서 데이터가 손실될 수 있습니다.
d:\darknet-master\src\network.c(133): warning C4244: 'return': 'double'에서 'float'(으)로 변환하면서 데이터가 손실될 수 있습니다.
d:\darknet-master\src\network.c(143): warning C4244: 'return': 'double'에서 'float'(으)로 변환하면서 데이터가 손실될 수 있습니다.
d:\darknet-master\src\network.c(145): warning C4244: 'return': 'double'에서 'float'(으)로 변환하면서 데이터가 손실될 수 있습니다.
  option_list.c
d:\darknet-master\src\network.c(149): warning C4244: 'return': 'double'에서 'float'(으)로 변환하면서 데이터가 손실될 수 있습니다.
  parser.c
d:\darknet-master\src\network.c(151): warning C4244: 'return': 'double'에서 'float'(으)로 변환하면서 데이터가 손실될 수 있습니다.
d:\darknet-master\src\network.c(163): warning C4244: '=': 'double'에서 'float'(으)로 변환하면서 데이터가 손실될 수 있습니다.
d:\darknet-master\src\network.c(809): warning C4305: '초기화 중': 'double'에서 'const float'(으)로 잘립니다.
d:\darknet-master\src\network.c(837): warning C4267: '초기화 중': 'size_t'에서 'int'(으)로 변환하면서 데이터가 손실될 수 있습니다.
d:\darknet-master\src\network.c(838): warning C4267: '초기화 중': 'size_t'에서 'int'(으)로 변환하면서 데이터가 손실될 수 있습니다.
d:\darknet-master\src\network.c(980): warning C4244: '초기화 중': 'double'에서 'float'(으)로 변환하면서 데이터가 손실될 수 있습니다.
d:\darknet-master\src\network.c(981): warning C4244: '초기화 중': 'int'에서 'float'(으)로 변환하면서 데이터가 손실될 수 있습니다.
d:\darknet-master\src\network.c(1067): warning C4244: '=': 'double'에서 'float'(으)로 변환하면서 데이터가 손실될 수 있습니다.
d:\darknet-master\src\network.c(1075): warning C4244: '=': 'double'에서 'float'(으)로 변환하면서 데이터가 손실될 수 있습니다.
d:\darknet-master\src\network.c(1072): warning C4267: '초기화 중': 'size_t'에서 'int'(으)로 변환하면서 데이터가 손실될 수 있습니다.
  region_layer.c
  reorg_layer.c
  reorg_old_layer.c
d:\darknet-master\src\activations.h(36): warning C4244: '초기화 중': 'float'에서 'int'(으)로 변환하면서 데이터가 손실될 수 있습니다. (소스 파일 컴파일 중 ..\..\src\nightmare.c)
d:\darknet-master\src\activations.h(92): warning C4244: 'return': 'int'에서 'float'(으)로 변환하면서 데이터가 손실될 수 있습니다. (소스 파일 컴파일 중 ..\..\src\nightmare.c)
d:\darknet-master\src\nightmare.c(14): warning C4244: '+=': 'double'에서 'float'(으)로 변환하면서 데이터가 손실될 수 있습니다.
d:\darknet-master\src\nightmare.c(180): warning C4244: '함수': 'time_t'에서 'unsigned int'(으)로 변환하면서 데이터가 손실될 수 있습니다.
d:\darknet-master\src\nightmare.c(197): warning C4305: '함수': 'double'에서 'float'(으)로 잘립니다.
d:\darknet-master\src\nightmare.c(200): warning C4305: '함수': 'double'에서 'float'(으)로 잘립니다.
d:\darknet-master\src\nightmare.c(201): warning C4305: '함수': 'double'에서 'float'(으)로 잘립니다.
d:\darknet-master\src\nightmare.c(216): warning C4244: '=': 'double'에서 'float'(으)로 변환하면서 데이터가 손실될 수 있습니다.
d:\darknet-master\src\nightmare.c(217): warning C4244: '=': 'double'에서 'float'(으)로 변환하면서 데이터가 손실될 수 있습니다.
d:\darknet-master\src\nightmare.c(219): warning C4244: '함수': 'float'에서 'int'(으)로 변환하면서 데이터가 손실될 수 있습니다.
d:\darknet-master\src\nightmare.c(245): warning C4305: '함수': 'double'에서 'float'(으)로 잘립니다.
  rnn.c
d:\darknet-master\src\nightmare.c(272): warning C4244: '함수': 'double'에서 'float'(으)로 변환하면서 데이터가 손실될 수 있습니다.
d:\darknet-master\src\nightmare.c(297): warning C4244: '함수': 'double'에서 'int'(으)로 변환하면서 데이터가 손실될 수 있습니다.
d:\darknet-master\src\nightmare.c(297): warning C4244: '함수': 'float'에서 'int'(으)로 변환하면서 데이터가 손실될 수 있습니다.
d:\darknet-master\src\activations.h(36): warning C4244: '초기화 중': 'float'에서 'int'(으)로 변환하면서 데이터가 손실될 수 있습니다. (소스 파일 컴파일 중 ..\..\src\normalization_layer.c)
d:\darknet-master\src\activations.h(92): warning C4244: 'return': 'int'에서 'float'(으)로 변환하면서 데이터가 손실될 수 있습니다. (소스 파일 컴파일 중 ..\..\src\normalization_layer.c)
  rnn_layer.c
d:\darknet-master\src\option_list.c(140): warning C4244: 'return': 'double'에서 'float'(으)로 변환하면서 데이터가 손실될 수 있습니다.
d:\darknet-master\src\option_list.c(147): warning C4244: 'return': 'double'에서 'float'(으)로 변환하면서 데이터가 손실될 수 있습니다.
  rnn_vid.c
d:\darknet-master\src\activations.h(36): warning C4244: '초기화 중': 'float'에서 'int'(으)로 변환하면서 데이터가 손실될 수 있습니다. (소스 파일 컴파일 중 ..\..\src\parser.c)
d:\darknet-master\src\activations.h(92): warning C4244: 'return': 'int'에서 'float'(으)로 변환하면서 데이터가 손실될 수 있습니다. (소스 파일 컴파일 중 ..\..\src\parser.c)
d:\darknet-master\src\activations.h(36): warning C4244: '초기화 중': 'float'에서 'int'(으)로 변환하면서 데이터가 손실될 수 있습니다. (소스 파일 컴파일 중 ..\..\src\region_layer.c)
d:\darknet-master\src\activations.h(36): warning C4244: '초기화 중': 'float'에서 'int'(으)로 변환하면서 데이터가 손실될 수 있습니다. (소스 파일 컴파일 중 ..\..\src\reorg_old_layer.c)
d:\darknet-master\src\parser.c(185): warning C4244: '초기화 중': 'float'에서 'int'(으)로 변환하면서 데이터가 손실될 수 있습니다.
d:\darknet-master\src\activations.h(92): warning C4244: 'return': 'int'에서 'float'(으)로 변환하면서 데이터가 손실될 수 있습니다. (소스 파일 컴파일 중 ..\..\src\region_layer.c)
d:\darknet-master\src\activations.h(92): warning C4244: 'return': 'int'에서 'float'(으)로 변환하면서 데이터가 손실될 수 있습니다. (소스 파일 컴파일 중 ..\..\src\reorg_old_layer.c)
d:\darknet-master\src\parser.c(325): warning C4244: '=': 'float'에서 'int'(으)로 변환하면서 데이터가 손실될 수 있습니다.
d:\darknet-master\src\parser.c(334): warning C4267: '초기화 중': 'size_t'에서 'int'(으)로 변환하면서 데이터가 손실될 수 있습니다.
d:\darknet-master\src\parser.c(378): warning C4305: '함수': 'double'에서 'float'(으)로 잘립니다.
d:\darknet-master\src\parser.c(391): warning C4267: '초기화 중': 'size_t'에서 'int'(으)로 변환하면서 데이터가 손실될 수 있습니다.
d:\darknet-master\src\parser.c(398): warning C4244: '초기화 중': 'double'에서 'float'(으)로 변환하면서 데이터가 손실될 수 있습니다.
d:\darknet-master\src\parser.c(411): warning C4267: '초기화 중': 'size_t'에서 'int'(으)로 변환하면서 데이터가 손실될 수 있습니다.
d:\darknet-master\src\activations.h(36): warning C4244: '초기화 중': 'float'에서 'int'(으)로 변환하면서 데이터가 손실될 수 있습니다. (소스 파일 컴파일 중 ..\..\src\reorg_layer.c)
d:\darknet-master\src\parser.c(457): warning C4305: '함수': 'double'에서 'float'(으)로 잘립니다.
d:\darknet-master\src\parser.c(469): warning C4267: '초기화 중': 'size_t'에서 'int'(으)로 변환하면서 데이터가 손실될 수 있습니다.
d:\darknet-master\src\activations.h(92): warning C4244: 'return': 'int'에서 'float'(으)로 변환하면서 데이터가 손실될 수 있습니다. (소스 파일 컴파일 중 ..\..\src\reorg_layer.c)
d:\darknet-master\src\parser.c(476): warning C4244: '초기화 중': 'double'에서 'float'(으)로 변환하면서 데이터가 손실될 수 있습니다.
d:\darknet-master\src\parser.c(505): warning C4305: '함수': 'double'에서 'float'(으)로 잘립니다.
d:\darknet-master\src\parser.c(527): warning C4267: '초기화 중': 'size_t'에서 'int'(으)로 변환하면서 데이터가 손실될 수 있습니다.
d:\darknet-master\src\parser.c(534): warning C4244: '초기화 중': 'double'에서 'float'(으)로 변환하면서 데이터가 손실될 수 있습니다.
d:\darknet-master\src\region_layer.c(49): warning C4244: '함수': 'time_t'에서 'unsigned int'(으)로 변환하면서 데이터가 손실될 수 있습니다.
d:\darknet-master\src\parser.c(559): warning C4305: '함수': 'double'에서 'float'(으)로 잘립니다.
d:\darknet-master\src\region_layer.c(85): warning C4244: '=': 'double'에서 'float'(으)로 변환하면서 데이터가 손실될 수 있습니다.
d:\darknet-master\src\region_layer.c(86): warning C4244: '=': 'double'에서 'float'(으)로 변환하면서 데이터가 손실될 수 있습니다.
d:\darknet-master\src\region_layer.c(88): warning C4244: '=': 'double'에서 'float'(으)로 변환하면서 데이터가 손실될 수 있습니다.
d:\darknet-master\src\region_layer.c(89): warning C4244: '=': 'double'에서 'float'(으)로 변환하면서 데이터가 손실될 수 있습니다.
d:\darknet-master\src\parser.c(679): warning C4305: '함수': 'double'에서 'float'(으)로 잘립니다.
d:\darknet-master\src\region_layer.c(104): warning C4244: '=': 'double'에서 'float'(으)로 변환하면서 데이터가 손실될 수 있습니다.
d:\darknet-master\src\region_layer.c(105): warning C4244: '=': 'double'에서 'float'(으)로 변환하면서 데이터가 손실될 수 있습니다.
d:\darknet-master\src\parser.c(695): warning C4244: '초기화 중': 'float'에서 'int'(으)로 변환하면서 데이터가 손실될 수 있습니다.
d:\darknet-master\src\region_layer.c(101): warning C4244: '초기화 중': 'double'에서 'float'(으)로 변환하면서 데이터가 손실될 수 있습니다.
d:\darknet-master\src\region_layer.c(102): warning C4244: '초기화 중': 'double'에서 'float'(으)로 변환하면서 데이터가 손실될 수 있습니다.
d:\darknet-master\src\region_layer.c(165): warning C4244: 'return': 'double'에서 'float'(으)로 변환하면서 데이터가 손실될 수 있습니다.
d:\darknet-master\src\parser.c(777): warning C4267: '초기화 중': 'size_t'에서 'int'(으)로 변환하면서 데이터가 손실될 수 있습니다.
d:\darknet-master\src\region_layer.c(170): warning C4244: 'return': 'int'에서 'float'(으)로 변환하면서 데이터가 손실될 수 있습니다.
d:\darknet-master\src\parser.c(849): warning C4305: '함수': 'double'에서 'float'(으)로 잘립니다.
d:\darknet-master\src\parser.c(850): warning C4305: '함수': 'double'에서 'float'(으)로 잘립니다.
d:\darknet-master\src\parser.c(853): warning C4305: '함수': 'double'에서 'float'(으)로 잘립니다.
d:\darknet-master\src\parser.c(854): warning C4305: '함수': 'double'에서 'float'(으)로 잘립니다.
d:\darknet-master\src\parser.c(868): warning C4305: '함수': 'double'에서 'float'(으)로 잘립니다.
d:\darknet-master\src\parser.c(869): warning C4305: '함수': 'double'에서 'float'(으)로 잘립니다.
d:\darknet-master\src\parser.c(870): warning C4305: '함수': 'double'에서 'float'(으)로 잘립니다.
d:\darknet-master\src\parser.c(927): warning C4244: '=': 'double'에서 'float'(으)로 변환하면서 데이터가 손실될 수 있습니다.
d:\darknet-master\src\parser.c(932): warning C4244: '=': 'double'에서 'float'(으)로 변환하면서 데이터가 손실될 수 있습니다.
d:\darknet-master\src\region_layer.c(266): warning C4244: '=': 'float'에서 'int'(으)로 변환하면서 데이터가 손실될 수 있습니다.
d:\darknet-master\src\activations.h(36): warning C4244: '초기화 중': 'float'에서 'int'(으)로 변환하면서 데이터가 손실될 수 있습니다. (소스 파일 컴파일 중 ..\..\src\rnn.c)
d:\darknet-master\src\parser.c(915): warning C4267: '초기화 중': 'size_t'에서 'int'(으)로 변환하면서 데이터가 손실될 수 있습니다.
d:\darknet-master\src\region_layer.c(285): warning C4244: '=': 'double'에서 'float'(으)로 변환하면서 데이터가 손실될 수 있습니다.
d:\darknet-master\src\region_layer.c(286): warning C4244: '=': 'double'에서 'float'(으)로 변환하면서 데이터가 손실될 수 있습니다.
d:\darknet-master\src\activations.h(92): warning C4244: 'return': 'int'에서 'float'(으)로 변환하면서 데이터가 손실될 수 있습니다. (소스 파일 컴파일 중 ..\..\src\rnn.c)
d:\darknet-master\src\region_layer.c(293): warning C4305: '함수': 'double'에서 'float'(으)로 잘립니다.
d:\darknet-master\src\region_layer.c(311): warning C4244: '=': 'float'에서 'int'(으)로 변환하면서 데이터가 손실될 수 있습니다.
d:\darknet-master\src\region_layer.c(312): warning C4244: '=': 'float'에서 'int'(으)로 변환하면서 데이터가 손실될 수 있습니다.
d:\darknet-master\src\region_layer.c(362): warning C4244: '=': 'double'에서 'float'(으)로 변환하면서 데이터가 손실될 수 있습니다.
  route_layer.c
d:\darknet-master\src\region_layer.c(230): warning C4244: '초기화 중': 'float'에서 'int'(으)로 변환하면서 데이터가 손실될 수 있습니다.
d:\darknet-master\src\region_layer.c(261): warning C4244: '초기화 중': 'float'에서 'int'(으)로 변환하면서 데이터가 손실될 수 있습니다.
d:\darknet-master\src\region_layer.c(300): warning C4244: '초기화 중': 'float'에서 'int'(으)로 변환하면서 데이터가 손실될 수 있습니다.
d:\darknet-master\src\parser.c(1471): warning C4267: '=': 'size_t'에서 'int'(으)로 변환하면서 데이터가 손실될 수 있습니다.
d:\darknet-master\src\parser.c(1475): warning C4267: '=': 'size_t'에서 'int'(으)로 변환하면서 데이터가 손실될 수 있습니다.
d:\darknet-master\src\parser.c(1477): warning C4267: '=': 'size_t'에서 'int'(으)로 변환하면서 데이터가 손실될 수 있습니다.
d:\darknet-master\src\parser.c(1479): warning C4267: '=': 'size_t'에서 'int'(으)로 변환하면서 데이터가 손실될 수 있습니다.
d:\darknet-master\src\region_layer.c(493): warning C4244: '=': 'double'에서 'float'(으)로 변환하면서 데이터가 손실될 수 있습니다.
d:\darknet-master\src\parser.c(1497): warning C4267: '=': 'size_t'에서 'int'(으)로 변환하면서 데이터가 손실될 수 있습니다.
d:\darknet-master\src\region_layer.c(494): warning C4244: '=': 'double'에서 'float'(으)로 변환하면서 데이터가 손실될 수 있습니다.
d:\darknet-master\src\region_layer.c(532): warning C4244: '=': 'double'에서 'float'(으)로 변환하면서 데이터가 손실될 수 있습니다.
d:\darknet-master\src\rnn.c(127): warning C4244: '함수': 'time_t'에서 'unsigned int'(으)로 변환하면서 데이터가 손실될 수 있습니다.
d:\darknet-master\src\rnn.c(162): warning C4477: 'printf' : 서식 문자열 '%ld'에 'long' 형식의 인수가 필요하지만 variadic 인수 5의 형식이 'size_t'입니다.
  d:\darknet-master\src\rnn.c(162): note: 서식 문자열에서 '%zd'을(를) 사용하는 것이 좋습니다.
d:\darknet-master\src\rnn.c(187): warning C4244: '=': 'double'에서 'float'(으)로 변환하면서 데이터가 손실될 수 있습니다.
d:\darknet-master\src\rnn.c(159): warning C4244: '초기화 중': 'uint64_t'에서 'int'(으)로 변환하면서 데이터가 손실될 수 있습니다.
d:\darknet-master\src\rnn.c(246): warning C4267: '초기화 중': 'size_t'에서 'int'(으)로 변환하면서 데이터가 손실될 수 있습니다.
  sam_layer.c
d:\darknet-master\src\rnn.c(376): warning C4244: '+=': 'double'에서 'float'(으)로 변환하면서 데이터가 손실될 수 있습니다.
d:\darknet-master\src\rnn.c(344): warning C4267: '초기화 중': 'size_t'에서 'int'(으)로 변환하면서 데이터가 손실될 수 있습니다.
d:\darknet-master\src\rnn.c(355): warning C4244: '초기화 중': 'double'에서 'float'(으)로 변환하면서 데이터가 손실될 수 있습니다.
d:\darknet-master\src\rnn.c(417): warning C4244: '+=': 'double'에서 'float'(으)로 변환하면서 데이터가 손실될 수 있습니다.
d:\darknet-master\src\rnn.c(396): warning C4267: '초기화 중': 'size_t'에서 'int'(으)로 변환하면서 데이터가 손실될 수 있습니다.
d:\darknet-master\src\rnn.c(407): warning C4244: '초기화 중': 'double'에서 'float'(으)로 변환하면서 데이터가 손실될 수 있습니다.
d:\darknet-master\src\rnn.c(435): warning C4267: '초기화 중': 'size_t'에서 'int'(으)로 변환하면서 데이터가 손실될 수 있습니다.
d:\darknet-master\src\rnn.c(448): warning C4267: '초기화 중': 'size_t'에서 'int'(으)로 변환하면서 데이터가 손실될 수 있습니다.
d:\darknet-master\src\rnn.c(481): warning C4305: '함수': 'double'에서 'float'(으)로 잘립니다.
d:\darknet-master\src\rnn.c(482): warning C4244: '함수': 'time_t'에서 'int'(으)로 변환하면서 데이터가 손실될 수 있습니다.
  scale_channels_layer.c
d:\darknet-master\src\activations.h(36): warning C4244: '초기화 중': 'float'에서 'int'(으)로 변환하면서 데이터가 손실될 수 있습니다. (소스 파일 컴파일 중 ..\..\src\rnn_layer.c)
d:\darknet-master\src\activations.h(92): warning C4244: 'return': 'int'에서 'float'(으)로 변환하면서 데이터가 손실될 수 있습니다. (소스 파일 컴파일 중 ..\..\src\rnn_layer.c)
  shortcut_layer.c
  softmax_layer.c
d:\darknet-master\src\activations.h(36): warning C4244: '초기화 중': 'float'에서 'int'(으)로 변환하면서 데이터가 손실될 수 있습니다. (소스 파일 컴파일 중 ..\..\src\rnn_vid.c)
d:\darknet-master\src\activations.h(92): warning C4244: 'return': 'int'에서 'float'(으)로 변환하면서 데이터가 손실될 수 있습니다. (소스 파일 컴파일 중 ..\..\src\rnn_vid.c)
  super.c
  swag.c
d:\darknet-master\src\activations.h(36): warning C4244: '초기화 중': 'float'에서 'int'(으)로 변환하면서 데이터가 손실될 수 있습니다. (소스 파일 컴파일 중 ..\..\src\route_layer.c)
d:\darknet-master\src\activations.h(92): warning C4244: 'return': 'int'에서 'float'(으)로 변환하면서 데이터가 손실될 수 있습니다. (소스 파일 컴파일 중 ..\..\src\route_layer.c)
d:\darknet-master\src\activations.h(36): warning C4244: '초기화 중': 'float'에서 'int'(으)로 변환하면서 데이터가 손실될 수 있습니다. (소스 파일 컴파일 중 ..\..\src\sam_layer.c)
d:\darknet-master\src\activations.h(92): warning C4244: 'return': 'int'에서 'float'(으)로 변환하면서 데이터가 손실될 수 있습니다. (소스 파일 컴파일 중 ..\..\src\sam_layer.c)
d:\darknet-master\src\activations.h(36): warning C4244: '초기화 중': 'float'에서 'int'(으)로 변환하면서 데이터가 손실될 수 있습니다. (소스 파일 컴파일 중 ..\..\src\scale_channels_layer.c)
d:\darknet-master\src\activations.h(92): warning C4244: 'return': 'int'에서 'float'(으)로 변환하면서 데이터가 손실될 수 있습니다. (소스 파일 컴파일 중 ..\..\src\scale_channels_layer.c)
  tag.c
d:\darknet-master\src\activations.h(36): warning C4244: '초기화 중': 'float'에서 'int'(으)로 변환하면서 데이터가 손실될 수 있습니다. (소스 파일 컴파일 중 ..\..\src\shortcut_layer.c)
d:\darknet-master\src\activations.h(92): warning C4244: 'return': 'int'에서 'float'(으)로 변환하면서 데이터가 손실될 수 있습니다. (소스 파일 컴파일 중 ..\..\src\shortcut_layer.c)
d:\darknet-master\src\activations.h(36): warning C4244: '초기화 중': 'float'에서 'int'(으)로 변환하면서 데이터가 손실될 수 있습니다. (소스 파일 컴파일 중 ..\..\src\softmax_layer.c)
d:\darknet-master\src\activations.h(92): warning C4244: 'return': 'int'에서 'float'(으)로 변환하면서 데이터가 손실될 수 있습니다. (소스 파일 컴파일 중 ..\..\src\softmax_layer.c)
  tree.c
  upsample_layer.c
d:\darknet-master\src\activations.h(36): warning C4244: '초기화 중': 'float'에서 'int'(으)로 변환하면서 데이터가 손실될 수 있습니다. (소스 파일 컴파일 중 ..\..\src\super.c)
d:\darknet-master\src\activations.h(92): warning C4244: 'return': 'int'에서 'float'(으)로 변환하면서 데이터가 손실될 수 있습니다. (소스 파일 컴파일 중 ..\..\src\super.c)
d:\darknet-master\src\super.c(11): warning C4244: '함수': 'time_t'에서 'unsigned int'(으)로 변환하면서 데이터가 손실될 수 있습니다.
d:\darknet-master\src\super.c(54): warning C4244: '=': 'double'에서 'float'(으)로 변환하면서 데이터가 손실될 수 있습니다.
d:\darknet-master\src\super.c(21): warning C4244: '초기화 중': 'uint64_t'에서 'int'(으)로 변환하면서 데이터가 손실될 수 있습니다.
d:\darknet-master\src\activations.h(36): warning C4244: '초기화 중': 'float'에서 'int'(으)로 변환하면서 데이터가 손실될 수 있습니다. (소스 파일 컴파일 중 ..\..\src\swag.c)
d:\darknet-master\src\activations.h(92): warning C4244: 'return': 'int'에서 'float'(으)로 변환하면서 데이터가 손실될 수 있습니다. (소스 파일 컴파일 중 ..\..\src\swag.c)
  utils.c
  voxel.c
d:\darknet-master\src\swag.c(12): warning C4244: '함수': 'time_t'에서 'unsigned int'(으)로 변환하면서 데이터가 손실될 수 있습니다.
d:\darknet-master\src\swag.c(62): warning C4244: '=': 'double'에서 'float'(으)로 변환하면서 데이터가 손실될 수 있습니다.
d:\darknet-master\src\swag.c(22): warning C4244: '초기화 중': 'uint64_t'에서 'int'(으)로 변환하면서 데이터가 손실될 수 있습니다.
  writing.c
  yolo.c
d:\darknet-master\src\activations.h(36): warning C4244: '초기화 중': 'float'에서 'int'(으)로 변환하면서 데이터가 손실될 수 있습니다. (소스 파일 컴파일 중 ..\..\src\tag.c)
d:\darknet-master\src\activations.h(92): warning C4244: 'return': 'int'에서 'float'(으)로 변환하면서 데이터가 손실될 수 있습니다. (소스 파일 컴파일 중 ..\..\src\tag.c)
d:\darknet-master\src\tag.c(7): warning C4244: '함수': 'time_t'에서 'unsigned int'(으)로 변환하면서 데이터가 손실될 수 있습니다.
d:\darknet-master\src\tag.c(62): warning C4244: '=': 'double'에서 'float'(으)로 변환하면서 데이터가 손실될 수 있습니다.
d:\darknet-master\src\tag.c(63): warning C4477: 'printf' : 서식 문자열 '%ld'에 'long' 형식의 인수가 필요하지만 variadic 인수 7의 형식이 'uint64_t'입니다.
  d:\darknet-master\src\tag.c(63): note: 서식 문자열에서 '%lld'을(를) 사용하는 것이 좋습니다.
  d:\darknet-master\src\tag.c(63): note: 서식 문자열에서 '%Id'을(를) 사용하는 것이 좋습니다.
  d:\darknet-master\src\tag.c(63): note: 서식 문자열에서 '%I64d'을(를) 사용하는 것이 좋습니다.
d:\darknet-master\src\tag.c(66): warning C4244: '=': 'uint64_t'에서 'int'(으)로 변환하면서 데이터가 손실될 수 있습니다.
d:\darknet-master\src\tag.c(51): warning C4244: '초기화 중': 'uint64_t'에서 'int'(으)로 변환하면서 데이터가 손실될 수 있습니다.
  yolo_layer.c
d:\darknet-master\src\activations.h(36): warning C4244: '초기화 중': 'float'에서 'int'(으)로 변환하면서 데이터가 손실될 수 있습니다. (소스 파일 컴파일 중 ..\..\src\upsample_layer.c)
d:\darknet-master\src\activations.h(92): warning C4244: 'return': 'int'에서 'float'(으)로 변환하면서 데이터가 손실될 수 있습니다. (소스 파일 컴파일 중 ..\..\src\upsample_layer.c)
d:\darknet-master\src\activations.h(36): warning C4244: '초기화 중': 'float'에서 'int'(으)로 변환하면서 데이터가 손실될 수 있습니다. (소스 파일 컴파일 중 ..\..\src\voxel.c)
d:\darknet-master\src\activations.h(92): warning C4244: 'return': 'int'에서 'float'(으)로 변환하면서 데이터가 손실될 수 있습니다. (소스 파일 컴파일 중 ..\..\src\voxel.c)
d:\darknet-master\src\activations.h(36): warning C4244: '초기화 중': 'float'에서 'int'(으)로 변환하면서 데이터가 손실될 수 있습니다. (소스 파일 컴파일 중 ..\..\src\writing.c)
d:\darknet-master\src\activations.h(92): warning C4244: 'return': 'int'에서 'float'(으)로 변환하면서 데이터가 손실될 수 있습니다. (소스 파일 컴파일 중 ..\..\src\writing.c)
d:\darknet-master\src\voxel.c(46): warning C4244: '함수': 'time_t'에서 'unsigned int'(으)로 변환하면서 데이터가 손실될 수 있습니다.
d:\darknet-master\src\voxel.c(89): warning C4244: '=': 'double'에서 'float'(으)로 변환하면서 데이터가 손실될 수 있습니다.
d:\darknet-master\src\voxel.c(56): warning C4244: '초기화 중': 'uint64_t'에서 'int'(으)로 변환하면서 데이터가 손실될 수 있습니다.
d:\darknet-master\src\activations.h(36): warning C4244: '초기화 중': 'float'에서 'int'(으)로 변환하면서 데이터가 손실될 수 있습니다. (소스 파일 컴파일 중 ..\..\src\yolo.c)
d:\darknet-master\src\writing.c(8): warning C4244: '함수': 'time_t'에서 'unsigned int'(으)로 변환하면서 데이터가 손실될 수 있습니다.
d:\darknet-master\src\writing.c(67): warning C4244: '=': 'double'에서 'float'(으)로 변환하면서 데이터가 손실될 수 있습니다.
d:\darknet-master\src\activations.h(92): warning C4244: 'return': 'int'에서 'float'(으)로 변환하면서 데이터가 손실될 수 있습니다. (소스 파일 컴파일 중 ..\..\src\yolo.c)
d:\darknet-master\src\writing.c(68): warning C4477: 'printf' : 서식 문자열 '%ld'에 'long' 형식의 인수가 필요하지만 variadic 인수 7의 형식이 'uint64_t'입니다.
  d:\darknet-master\src\writing.c(68): note: 서식 문자열에서 '%lld'을(를) 사용하는 것이 좋습니다.
  d:\darknet-master\src\writing.c(68): note: 서식 문자열에서 '%Id'을(를) 사용하는 것이 좋습니다.
  d:\darknet-master\src\writing.c(68): note: 서식 문자열에서 '%I64d'을(를) 사용하는 것이 좋습니다.
d:\darknet-master\src\writing.c(76): warning C4244: '=': 'uint64_t'에서 'int'(으)로 변환하면서 데이터가 손실될 수 있습니다.
d:\darknet-master\src\writing.c(39): warning C4244: '초기화 중': 'uint64_t'에서 'int'(으)로 변환하면서 데이터가 손실될 수 있습니다.
d:\darknet-master\src\yolo.c(15): warning C4244: '함수': 'time_t'에서 'unsigned int'(으)로 변환하면서 데이터가 손실될 수 있습니다.
d:\darknet-master\src\yolo.c(71): warning C4244: '=': 'double'에서 'float'(으)로 변환하면서 데이터가 손실될 수 있습니다.
d:\darknet-master\src\yolo.c(25): warning C4244: '초기화 중': 'uint64_t'에서 'int'(으)로 변환하면서 데이터가 손실될 수 있습니다.
d:\darknet-master\src\yolo.c(97): warning C4244: '=': 'int'에서 'float'(으)로 변환하면서 데이터가 손실될 수 있습니다.
d:\darknet-master\src\yolo.c(98): warning C4244: '=': 'int'에서 'float'(으)로 변환하면서 데이터가 손실될 수 있습니다.
d:\darknet-master\src\yolo.c(90): warning C4244: '초기화 중': 'double'에서 'float'(으)로 변환하면서 데이터가 손실될 수 있습니다.
d:\darknet-master\src\yolo.c(91): warning C4244: '초기화 중': 'double'에서 'float'(으)로 변환하면서 데이터가 손실될 수 있습니다.
d:\darknet-master\src\yolo.c(92): warning C4244: '초기화 중': 'double'에서 'float'(으)로 변환하면서 데이터가 손실될 수 있습니다.
d:\darknet-master\src\yolo.c(93): warning C4244: '초기화 중': 'double'에서 'float'(으)로 변환하면서 데이터가 손실될 수 있습니다.
d:\darknet-master\src\yolo.c(115): warning C4244: '함수': 'time_t'에서 'unsigned int'(으)로 변환하면서 데이터가 손실될 수 있습니다.
d:\darknet-master\src\yolo.c(141): warning C4305: '초기화 중': 'double'에서 'float'(으)로 잘립니다.
d:\darknet-master\src\yolo.c(211): warning C4244: '함수': 'time_t'에서 'unsigned int'(으)로 변환하면서 데이터가 손실될 수 있습니다.
d:\darknet-master\src\yolo.c(235): warning C4305: '초기화 중': 'double'에서 'float'(으)로 잘립니다.
d:\darknet-master\src\yolo.c(300): warning C4305: '초기화 중': 'double'에서 'float'(으)로 잘립니다.
d:\darknet-master\src\yolo.c(344): warning C4305: '함수': 'double'에서 'float'(으)로 잘립니다.
d:\darknet-master\src\activations.h(36): warning C4244: '초기화 중': 'float'에서 'int'(으)로 변환하면서 데이터가 손실될 수 있습니다. (소스 파일 컴파일 중 ..\..\src\yolo_layer.c)
d:\darknet-master\src\activations.h(92): warning C4244: 'return': 'int'에서 'float'(으)로 변환하면서 데이터가 손실될 수 있습니다. (소스 파일 컴파일 중 ..\..\src\yolo_layer.c)
d:\darknet-master\src\yolo_layer.c(73): warning C4244: '함수': 'time_t'에서 'unsigned int'(으)로 변환하면서 데이터가 손실될 수 있습니다.
d:\darknet-master\src\yolo_layer.c(126): warning C4244: '=': 'double'에서 'float'(으)로 변환하면서 데이터가 손실될 수 있습니다.
d:\darknet-master\src\yolo_layer.c(127): warning C4244: '=': 'double'에서 'float'(으)로 변환하면서 데이터가 손실될 수 있습니다.
d:\darknet-master\src\yolo_layer.c(169): warning C4244: '*=': 'double'에서 'float'(으)로 변환하면서 데이터가 손실될 수 있습니다.
d:\darknet-master\src\yolo_layer.c(170): warning C4244: '*=': 'double'에서 'float'(으)로 변환하면서 데이터가 손실될 수 있습니다.
d:\darknet-master\src\yolo_layer.c(147): warning C4244: '초기화 중': 'double'에서 'float'(으)로 변환하면서 데이터가 손실될 수 있습니다.
d:\darknet-master\src\yolo_layer.c(148): warning C4244: '초기화 중': 'double'에서 'float'(으)로 변환하면서 데이터가 손실될 수 있습니다.
d:\darknet-master\src\yolo_layer.c(165): warning C4244: '초기화 중': 'double'에서 'float'(으)로 변환하면서 데이터가 손실될 수 있습니다.
d:\darknet-master\src\yolo_layer.c(166): warning C4244: '초기화 중': 'double'에서 'float'(으)로 변환하면서 데이터가 손실될 수 있습니다.
d:\darknet-master\src\yolo_layer.c(279): warning C4244: '함수': 'double'에서 'float'(으)로 변환하면서 데이터가 손실될 수 있습니다.
d:\darknet-master\src\yolo_layer.c(368): warning C4244: '=': 'float'에서 'int'(으)로 변환하면서 데이터가 손실될 수 있습니다.
d:\darknet-master\src\yolo_layer.c(369): warning C4244: '=': 'float'에서 'int'(으)로 변환하면서 데이터가 손실될 수 있습니다.
d:\darknet-master\src\yolo_layer.c(469): warning C4244: '=': 'double'에서 'float'(으)로 변환하면서 데이터가 손실될 수 있습니다.
d:\darknet-master\src\yolo_layer.c(314): warning C4244: '초기화 중': 'float'에서 'int'(으)로 변환하면서 데이터가 손실될 수 있습니다.
d:\darknet-master\src\yolo_layer.c(347): warning C4244: '초기화 중': 'float'에서 'int'(으)로 변환하면서 데이터가 손실될 수 있습니다.
d:\darknet-master\src\yolo_layer.c(362): warning C4244: '초기화 중': 'float'에서 'int'(으)로 변환하면서 데이터가 손실될 수 있습니다.
d:\darknet-master\src\yolo_layer.c(399): warning C4244: '초기화 중': 'float'에서 'int'(으)로 변환하면서 데이터가 손실될 수 있습니다.
d:\darknet-master\src\yolo_layer.c(435): warning C4244: '초기화 중': 'float'에서 'int'(으)로 변환하면서 데이터가 손실될 수 있습니다.
d:\darknet-master\src\yolo_layer.c(491): warning C4244: '초기화 중': 'double'에서 'float'(으)로 변환하면서 데이터가 손실될 수 있습니다.
d:\darknet-master\src\yolo_layer.c(532): warning C4244: '=': 'double'에서 'float'(으)로 변환하면서 데이터가 손실될 수 있습니다.
d:\darknet-master\src\yolo_layer.c(533): warning C4244: '=': 'double'에서 'float'(으)로 변환하면서 데이터가 손실될 수 있습니다.
d:\darknet-master\src\yolo_layer.c(583): warning C4244: '=': 'double'에서 'float'(으)로 변환하면서 데이터가 손실될 수 있습니다.
d:\darknet-master\src\utils.c(113): warning C4244: '=': 'double'에서 'float'(으)로 변환하면서 데이터가 손실될 수 있습니다.
d:\darknet-master\src\utils.c(218): warning C4244: '초기화 중': '__int64'에서 'int'(으)로 변환하면서 데이터가 손실될 수 있습니다.
d:\darknet-master\src\utils.c(219): warning C4267: '초기화 중': 'size_t'에서 'int'(으)로 변환하면서 데이터가 손실될 수 있습니다.
d:\darknet-master\src\utils.c(378): warning C4267: '함수': 'size_t'에서 'int'(으)로 변환하면서 데이터가 손실될 수 있습니다.
d:\darknet-master\src\utils.c(390): warning C4477: 'printf' : 서식 문자열 '%ld'에 'long' 형식의 인수가 필요하지만 variadic 인수 1의 형식이 'size_t'입니다.
  d:\darknet-master\src\utils.c(390): note: 서식 문자열에서 '%zd'을(를) 사용하는 것이 좋습니다.
d:\darknet-master\src\utils.c(396): warning C4267: '함수': 'size_t'에서 'int'(으)로 변환하면서 데이터가 손실될 수 있습니다.
d:\darknet-master\src\utils.c(426): warning C4267: '함수': 'size_t'에서 'unsigned int'(으)로 변환하면서 데이터가 손실될 수 있습니다.
d:\darknet-master\src\utils.c(437): warning C4267: '함수': 'size_t'에서 'unsigned int'(으)로 변환하면서 데이터가 손실될 수 있습니다.
d:\darknet-master\src\utils.c(448): warning C4267: '함수': 'size_t'에서 'unsigned int'(으)로 변환하면서 데이터가 손실될 수 있습니다.
d:\darknet-master\src\utils.c(458): warning C4267: '함수': 'size_t'에서 'unsigned int'(으)로 변환하면서 데이터가 손실될 수 있습니다.
d:\darknet-master\src\utils.c(511): warning C4244: '=': 'double'에서 'float'(으)로 변환하면서 데이터가 손실될 수 있습니다.
d:\darknet-master\src\utils.c(512): warning C4244: '=': 'double'에서 'float'(으)로 변환하면서 데이터가 손실될 수 있습니다.
d:\darknet-master\src\utils.c(513): warning C4244: '=': 'double'에서 'float'(으)로 변환하면서 데이터가 손실될 수 있습니다.
d:\darknet-master\src\utils.c(584): warning C4244: '+=': 'double'에서 'float'(으)로 변환하면서 데이터가 손실될 수 있습니다.
d:\darknet-master\src\utils.c(585): warning C4244: 'return': 'double'에서 'float'(으)로 변환하면서 데이터가 손실될 수 있습니다.
d:\darknet-master\src\utils.c(593): warning C4244: 'return': 'double'에서 'float'(으)로 변환하면서 데이터가 손실될 수 있습니다.
d:\darknet-master\src\utils.c(605): warning C4244: '=': 'double'에서 'float'(으)로 변환하면서 데이터가 손실될 수 있습니다.
d:\darknet-master\src\utils.c(600): warning C4244: '초기화 중': 'double'에서 'float'(으)로 변환하면서 데이터가 손실될 수 있습니다.
d:\darknet-master\src\utils.c(623): warning C4244: 'return': 'double'에서 'float'(으)로 변환하면서 데이터가 손실될 수 있습니다.
d:\darknet-master\src\utils.c(636): warning C4244: 'return': 'double'에서 'float'(으)로 변환하면서 데이터가 손실될 수 있습니다.
d:\darknet-master\src\utils.c(650): warning C4244: '함수': 'double'에서 'float'(으)로 변환하면서 데이터가 손실될 수 있습니다.
d:\darknet-master\src\utils.c(663): warning C4244: '함수': 'double'에서 'float'(으)로 변환하면서 데이터가 손실될 수 있습니다.
d:\darknet-master\src\utils.c(742): warning C4244: 'return': 'double'에서 'float'(으)로 변환하면서 데이터가 손실될 수 있습니다.
d:\darknet-master\src\utils.c(752): warning C4244: 'return': 'double'에서 'float'(으)로 변환하면서 데이터가 손실될 수 있습니다.
d:\darknet-master\src\utils.c(799): warning C4244: 'return': 'double'에서 'float'(으)로 변환하면서 데이터가 손실될 수 있습니다.
d:\darknet-master\src\utils.c(818): warning C4013: 'rand_s'이(가) 정의되지 않았습니다. extern은 int형을 반환하는 것으로 간주합니다.
  http_stream.cpp
  image_opencv.cpp
  yolo_v2_class.cpp
d:\darknet-master\include\yolo_v2_class.hpp(76): warning C4305: '초기화 중': 'double'에서 'float'(으)로 잘립니다. (소스 파일 컴파일 중 ..\..\src\yolo_v2_class.cpp)
d:\darknet-master\include\yolo_v2_class.hpp(104): warning C4244: '*=': 'float'에서 'unsigned int'(으)로 변환하면서 데이터가 손실될 수 있습니다. (소스 파일 컴파일 중 ..\..\src\yolo_v2_class.cpp)
d:\darknet-master\src\activations.h(36): warning C4244: '초기화 중': 'float'에서 'int'(으)로 변환하면서 데이터가 손실될 수 있습니다. (소스 파일 컴파일 중 ..\..\src\yolo_v2_class.cpp)
d:\darknet-master\src\yolo_v2_class.cpp(41): warning C4267: 'return': 'size_t'에서 'int'(으)로 변환하면서 데이터가 손실될 수 있습니다.
d:\darknet-master\src\yolo_v2_class.cpp(239): warning C4244: '=': 'double'에서 'float'(으)로 변환하면서 데이터가 손실될 수 있습니다.
d:\darknet-master\src\yolo_v2_class.cpp(329): warning C4244: '=': 'const _Ty'에서 'unsigned int'(으)로 변환하면서 데이터가 손실될 수 있습니다.
          with
          [
              _Ty=double
          ]
d:\darknet-master\src\yolo_v2_class.cpp(330): warning C4244: '=': 'const _Ty'에서 'unsigned int'(으)로 변환하면서 데이터가 손실될 수 있습니다.
          with
          [
              _Ty=double
          ]
d:\darknet-master\src\yolo_v2_class.cpp(331): warning C4244: '=': 'float'에서 'unsigned int'(으)로 변환하면서 데이터가 손실될 수 있습니다.
d:\darknet-master\src\yolo_v2_class.cpp(332): warning C4244: '=': 'float'에서 'unsigned int'(으)로 변환하면서 데이터가 손실될 수 있습니다.
d:\darknet-master\src\yolo_v2_class.cpp(384): warning C4244: '초기화 중': 'float'에서 'unsigned int'(으)로 변환하면서 데이터가 손실될 수 있습니다.
d:\darknet-master\src\yolo_v2_class.cpp(385): warning C4018: '<': signed 또는 unsigned가 일치하지 않습니다.
d:\darknet-master\src\yolo_v2_class.cpp(387): warning C4267: '=': 'size_t'에서 'int'(으)로 변환하면서 데이터가 손실될 수 있습니다.
d:\darknet-master\src\http_stream.cpp(104): warning C4267: '=': 'size_t'에서 'int'(으)로 변환하면서 데이터가 손실될 수 있습니다.
d:\darknet-master\src\http_stream.cpp(196): warning C4244: '인수': 'SOCKET'에서 'int'(으)로 변환하면서 데이터가 손실될 수 있습니다.
d:\darknet-master\src\http_stream.cpp(230): warning C4244: '인수': 'SOCKET'에서 'int'(으)로 변환하면서 데이터가 손실될 수 있습니다.
d:\darknet-master\src\http_stream.cpp(231): warning C4244: '인수': 'SOCKET'에서 'int'(으)로 변환하면서 데이터가 손실될 수 있습니다.
d:\darknet-master\src\http_stream.cpp(242): warning C4244: '인수': 'SOCKET'에서 'int'(으)로 변환하면서 데이터가 손실될 수 있습니다.
d:\darknet-master\src\http_stream.cpp(243): warning C4244: '인수': 'SOCKET'에서 'int'(으)로 변환하면서 데이터가 손실될 수 있습니다.
d:\darknet-master\src\http_stream.cpp(255): warning C4244: '인수': 'SOCKET'에서 'int'(으)로 변환하면서 데이터가 손실될 수 있습니다.
d:\darknet-master\src\http_stream.cpp(256): warning C4244: '인수': 'SOCKET'에서 'int'(으)로 변환하면서 데이터가 손실될 수 있습니다.
d:\darknet-master\src\http_stream.cpp(556): warning C4244: 'return': '_Rep'에서 'double'(으)로 변환하면서 데이터가 손실될 수 있습니다.
          with
          [
              _Rep=__int64
          ]
     D:\darknet-master\build\darknet\x64\yolo_cpp_dll.lib 라이브러리 및 D:\darknet-master\build\darknet\x64\yolo_cpp_dll.exp 개체를 생성하고 있습니다.
  코드를 생성하고 있습니다.
  All 1233 functions were compiled because no usable IPDB/IOBJ from previous compilation was found.
  코드를 생성했습니다.
  yolo_cpp_dll_no_gpu.vcxproj -> D:\darknet-master\build\darknet\x64\yolo_cpp_dll.dll
